mode: set
github.com/rhino-acoustic/NeuronFS/runtime/access_control.go:65.42,67.16 2 0
github.com/rhino-acoustic/NeuronFS/runtime/access_control.go:67.16,69.3 1 0
github.com/rhino-acoustic/NeuronFS/runtime/access_control.go:70.2,71.54 2 0
github.com/rhino-acoustic/NeuronFS/runtime/access_control.go:71.54,73.3 1 0
github.com/rhino-acoustic/NeuronFS/runtime/access_control.go:74.2,75.12 2 0
github.com/rhino-acoustic/NeuronFS/runtime/access_control.go:79.51,81.54 2 1
github.com/rhino-acoustic/NeuronFS/runtime/access_control.go:81.54,83.3 1 0
github.com/rhino-acoustic/NeuronFS/runtime/access_control.go:84.2,85.12 2 1
github.com/rhino-acoustic/NeuronFS/runtime/access_control.go:92.73,93.25 1 1
github.com/rhino-acoustic/NeuronFS/runtime/access_control.go:93.25,95.3 1 1
github.com/rhino-acoustic/NeuronFS/runtime/access_control.go:98.2,102.67 4 1
github.com/rhino-acoustic/NeuronFS/runtime/access_control.go:102.67,104.3 1 1
github.com/rhino-acoustic/NeuronFS/runtime/access_control.go:106.2,107.9 2 1
github.com/rhino-acoustic/NeuronFS/runtime/access_control.go:107.9,109.3 1 1
github.com/rhino-acoustic/NeuronFS/runtime/access_control.go:111.2,112.9 2 1
github.com/rhino-acoustic/NeuronFS/runtime/access_control.go:112.9,115.3 1 1
github.com/rhino-acoustic/NeuronFS/runtime/access_control.go:118.2,118.35 1 1
github.com/rhino-acoustic/NeuronFS/runtime/access_control.go:118.35,119.66 1 1
github.com/rhino-acoustic/NeuronFS/runtime/access_control.go:119.66,121.4 1 1
github.com/rhino-acoustic/NeuronFS/runtime/access_control.go:125.2,125.35 1 1
github.com/rhino-acoustic/NeuronFS/runtime/access_control.go:125.35,126.54 1 1
github.com/rhino-acoustic/NeuronFS/runtime/access_control.go:126.54,128.4 1 1
github.com/rhino-acoustic/NeuronFS/runtime/access_control.go:131.2,131.19 1 1
github.com/rhino-acoustic/NeuronFS/runtime/access_control.go:135.55,136.25 1 1
github.com/rhino-acoustic/NeuronFS/runtime/access_control.go:136.25,138.3 1 0
github.com/rhino-acoustic/NeuronFS/runtime/access_control.go:140.2,142.9 3 1
github.com/rhino-acoustic/NeuronFS/runtime/access_control.go:142.9,144.3 1 0
github.com/rhino-acoustic/NeuronFS/runtime/access_control.go:146.2,148.43 3 1
github.com/rhino-acoustic/NeuronFS/runtime/access_control.go:148.43,150.3 1 1
github.com/rhino-acoustic/NeuronFS/runtime/access_control.go:151.2,151.25 1 1
github.com/rhino-acoustic/NeuronFS/runtime/adapter.go:30.56,31.54 1 0
github.com/rhino-acoustic/NeuronFS/runtime/adapter.go:31.54,39.47 6 0
github.com/rhino-acoustic/NeuronFS/runtime/adapter.go:39.47,40.37 1 0
github.com/rhino-acoustic/NeuronFS/runtime/adapter.go:40.37,41.20 1 0
github.com/rhino-acoustic/NeuronFS/runtime/adapter.go:41.20,42.14 1 0
github.com/rhino-acoustic/NeuronFS/runtime/adapter.go:46.5,51.28 5 0
github.com/rhino-acoustic/NeuronFS/runtime/adapter.go:51.28,53.20 2 0
github.com/rhino-acoustic/NeuronFS/runtime/adapter.go:53.20,58.31 3 0
github.com/rhino-acoustic/NeuronFS/runtime/adapter.go:58.31,59.70 1 0
github.com/rhino-acoustic/NeuronFS/runtime/adapter.go:59.70,63.44 4 0
github.com/rhino-acoustic/NeuronFS/runtime/adapter.go:63.44,65.10 1 0
github.com/rhino-acoustic/NeuronFS/runtime/adapter.go:66.9,66.14 1 0
github.com/rhino-acoustic/NeuronFS/runtime/adapter.go:70.7,70.38 1 0
github.com/rhino-acoustic/NeuronFS/runtime/adapter.go:74.5,74.26 1 0
github.com/rhino-acoustic/NeuronFS/runtime/adapter.go:74.26,76.6 1 0
github.com/rhino-acoustic/NeuronFS/runtime/adapter.go:79.5,88.7 2 0
github.com/rhino-acoustic/NeuronFS/runtime/adapter.go:93.3,93.50 1 0
github.com/rhino-acoustic/NeuronFS/runtime/adapter.go:93.50,95.4 1 0
github.com/rhino-acoustic/NeuronFS/runtime/adapter.go:97.3,98.23 2 0
github.com/rhino-acoustic/NeuronFS/runtime/adapter.go:98.23,101.4 2 0
github.com/rhino-acoustic/NeuronFS/runtime/adapter.go:101.9,103.4 1 0
github.com/rhino-acoustic/NeuronFS/runtime/adapter.go:105.3,112.34 3 0
github.com/rhino-acoustic/NeuronFS/runtime/awakening.go:50.34,52.43 1 1
github.com/rhino-acoustic/NeuronFS/runtime/awakening.go:52.43,54.3 1 0
github.com/rhino-acoustic/NeuronFS/runtime/awakening.go:56.2,57.34 2 1
github.com/rhino-acoustic/NeuronFS/runtime/awakening.go:57.34,60.36 1 1
github.com/rhino-acoustic/NeuronFS/runtime/awakening.go:60.36,62.4 1 0
github.com/rhino-acoustic/NeuronFS/runtime/awakening.go:63.3,63.21 1 1
github.com/rhino-acoustic/NeuronFS/runtime/awakening.go:63.21,65.4 1 1
github.com/rhino-acoustic/NeuronFS/runtime/awakening.go:67.3,67.20 1 1
github.com/rhino-acoustic/NeuronFS/runtime/awakening.go:71.2,72.40 2 0
github.com/rhino-acoustic/NeuronFS/runtime/awakening.go:72.40,74.3 1 0
github.com/rhino-acoustic/NeuronFS/runtime/awakening.go:76.2,76.40 1 0
github.com/rhino-acoustic/NeuronFS/runtime/awakening.go:76.40,78.3 1 0
github.com/rhino-acoustic/NeuronFS/runtime/awakening.go:80.2,80.19 1 0
github.com/rhino-acoustic/NeuronFS/runtime/awakening.go:84.29,86.28 2 1
github.com/rhino-acoustic/NeuronFS/runtime/awakening.go:86.28,87.25 1 1
github.com/rhino-acoustic/NeuronFS/runtime/awakening.go:87.25,89.4 1 0
github.com/rhino-acoustic/NeuronFS/runtime/awakening.go:91.2,91.36 1 1
github.com/rhino-acoustic/NeuronFS/runtime/awakening.go:101.42,102.16 1 1
github.com/rhino-acoustic/NeuronFS/runtime/awakening.go:103.17,104.11 1 0
github.com/rhino-acoustic/NeuronFS/runtime/awakening.go:105.10,106.36 1 1
github.com/rhino-acoustic/NeuronFS/runtime/awakening.go:110.42,111.16 1 1
github.com/rhino-acoustic/NeuronFS/runtime/awakening.go:112.17,113.11 1 0
github.com/rhino-acoustic/NeuronFS/runtime/awakening.go:114.10,115.36 1 1
github.com/rhino-acoustic/NeuronFS/runtime/awakening.go:119.42,120.16 1 1
github.com/rhino-acoustic/NeuronFS/runtime/awakening.go:121.17,122.11 1 0
github.com/rhino-acoustic/NeuronFS/runtime/awakening.go:123.10,124.36 1 1
github.com/rhino-acoustic/NeuronFS/runtime/awakening.go:128.42,129.16 1 1
github.com/rhino-acoustic/NeuronFS/runtime/awakening.go:130.18,131.48 1 1
github.com/rhino-acoustic/NeuronFS/runtime/awakening.go:132.16,133.42 1 1
github.com/rhino-acoustic/NeuronFS/runtime/awakening.go:134.18,135.38 1 1
github.com/rhino-acoustic/NeuronFS/runtime/awakening.go:136.10,137.11 1 1
github.com/rhino-acoustic/NeuronFS/runtime/awakening.go:141.43,142.16 1 1
github.com/rhino-acoustic/NeuronFS/runtime/awakening.go:143.17,144.11 1 0
github.com/rhino-acoustic/NeuronFS/runtime/awakening.go:145.10,146.36 1 1
github.com/rhino-acoustic/NeuronFS/runtime/awakening.go:150.43,151.16 1 1
github.com/rhino-acoustic/NeuronFS/runtime/awakening.go:152.28,154.37 1 0
github.com/rhino-acoustic/NeuronFS/runtime/awakening.go:155.18,157.37 1 1
github.com/rhino-acoustic/NeuronFS/runtime/awakening.go:158.10,159.23 1 0
github.com/rhino-acoustic/NeuronFS/runtime/awakening.go:167.42,169.2 1 1
github.com/rhino-acoustic/NeuronFS/runtime/awakening.go:171.40,174.2 2 1
github.com/rhino-acoustic/NeuronFS/runtime/awakening.go:176.36,179.2 2 1
github.com/rhino-acoustic/NeuronFS/runtime/awakening.go:185.61,187.46 1 1
github.com/rhino-acoustic/NeuronFS/runtime/awakening.go:187.46,189.3 1 0
github.com/rhino-acoustic/NeuronFS/runtime/awakening.go:192.2,192.15 1 1
github.com/rhino-acoustic/NeuronFS/runtime/awakening.go:192.15,193.55 1 1
github.com/rhino-acoustic/NeuronFS/runtime/awakening.go:193.55,195.4 1 1
github.com/rhino-acoustic/NeuronFS/runtime/awakening.go:196.3,196.9 1 1
github.com/rhino-acoustic/NeuronFS/runtime/awakening.go:199.2,202.38 2 1
github.com/rhino-acoustic/NeuronFS/runtime/awakening.go:202.38,205.3 2 1
github.com/rhino-acoustic/NeuronFS/runtime/awakening.go:208.2,212.56 3 1
github.com/rhino-acoustic/NeuronFS/runtime/awakening.go:212.56,214.3 1 1
github.com/rhino-acoustic/NeuronFS/runtime/awakening.go:217.2,217.50 1 1
github.com/rhino-acoustic/NeuronFS/runtime/awakening.go:217.50,219.3 1 0
github.com/rhino-acoustic/NeuronFS/runtime/awakening.go:222.2,222.61 1 1
github.com/rhino-acoustic/NeuronFS/runtime/awakening.go:222.61,224.3 1 0
github.com/rhino-acoustic/NeuronFS/runtime/awakening.go:227.2,227.25 1 1
github.com/rhino-acoustic/NeuronFS/runtime/awakening.go:227.25,229.3 1 1
github.com/rhino-acoustic/NeuronFS/runtime/awakening.go:234.70,245.29 3 1
github.com/rhino-acoustic/NeuronFS/runtime/awakening.go:245.29,246.10 1 1
github.com/rhino-acoustic/NeuronFS/runtime/awakening.go:247.21,248.20 1 1
github.com/rhino-acoustic/NeuronFS/runtime/awakening.go:249.11,249.11 0 1
github.com/rhino-acoustic/NeuronFS/runtime/awakening.go:252.3,255.37 4 1
github.com/rhino-acoustic/NeuronFS/runtime/awakening.go:257.2,257.12 1 1
github.com/rhino-acoustic/NeuronFS/runtime/awakening.go:262.64,263.9 1 1
github.com/rhino-acoustic/NeuronFS/runtime/awakening.go:264.20,265.19 1 0
github.com/rhino-acoustic/NeuronFS/runtime/awakening.go:266.10,266.10 0 1
github.com/rhino-acoustic/NeuronFS/runtime/awakening.go:270.2,275.9 4 1
github.com/rhino-acoustic/NeuronFS/runtime/awakening.go:276.20,277.19 1 0
github.com/rhino-acoustic/NeuronFS/runtime/awakening.go:278.10,278.10 0 1
github.com/rhino-acoustic/NeuronFS/runtime/awakening.go:282.2,287.12 4 1
github.com/rhino-acoustic/NeuronFS/runtime/awakening.go:298.91,299.9 1 1
github.com/rhino-acoustic/NeuronFS/runtime/awakening.go:300.20,301.19 1 0
github.com/rhino-acoustic/NeuronFS/runtime/awakening.go:302.10,302.10 0 1
github.com/rhino-acoustic/NeuronFS/runtime/awakening.go:306.2,311.9 3 1
github.com/rhino-acoustic/NeuronFS/runtime/awakening.go:312.20,313.19 1 0
github.com/rhino-acoustic/NeuronFS/runtime/awakening.go:314.10,314.10 0 1
github.com/rhino-acoustic/NeuronFS/runtime/awakening.go:318.2,319.21 2 1
github.com/rhino-acoustic/NeuronFS/runtime/awakening.go:319.21,321.3 1 0
github.com/rhino-acoustic/NeuronFS/runtime/awakening.go:322.2,334.12 6 1
github.com/rhino-acoustic/NeuronFS/runtime/awakening.go:339.46,346.2 4 1
github.com/rhino-acoustic/NeuronFS/runtime/cli_commands.go:12.33,19.39 5 1
github.com/rhino-acoustic/NeuronFS/runtime/cli_commands.go:19.39,20.36 1 1
github.com/rhino-acoustic/NeuronFS/runtime/cli_commands.go:20.36,22.19 2 1
github.com/rhino-acoustic/NeuronFS/runtime/cli_commands.go:22.19,24.5 1 0
github.com/rhino-acoustic/NeuronFS/runtime/cli_commands.go:29.2,29.45 1 1
github.com/rhino-acoustic/NeuronFS/runtime/cli_commands.go:29.45,33.3 1 1
github.com/rhino-acoustic/NeuronFS/runtime/cli_commands.go:35.2,37.25 3 1
github.com/rhino-acoustic/NeuronFS/runtime/cli_commands.go:37.25,39.3 1 0
github.com/rhino-acoustic/NeuronFS/runtime/cli_commands.go:40.2,40.29 1 1
github.com/rhino-acoustic/NeuronFS/runtime/cli_commands.go:40.29,42.3 1 1
github.com/rhino-acoustic/NeuronFS/runtime/cli_commands.go:44.2,48.31 3 1
github.com/rhino-acoustic/NeuronFS/runtime/cli_commands.go:48.31,49.88 1 1
github.com/rhino-acoustic/NeuronFS/runtime/cli_commands.go:49.88,51.4 1 0
github.com/rhino-acoustic/NeuronFS/runtime/cli_commands.go:53.2,54.60 2 1
github.com/rhino-acoustic/NeuronFS/runtime/cli_commands.go:58.34,66.2 7 1
github.com/rhino-acoustic/NeuronFS/runtime/crypto_neuron.go:28.95,29.25 1 1
github.com/rhino-acoustic/NeuronFS/runtime/crypto_neuron.go:29.25,31.3 1 1
github.com/rhino-acoustic/NeuronFS/runtime/crypto_neuron.go:32.2,32.42 1 1
github.com/rhino-acoustic/NeuronFS/runtime/crypto_neuron.go:32.42,34.3 1 1
github.com/rhino-acoustic/NeuronFS/runtime/crypto_neuron.go:36.2,37.16 2 1
github.com/rhino-acoustic/NeuronFS/runtime/crypto_neuron.go:37.16,39.3 1 0
github.com/rhino-acoustic/NeuronFS/runtime/crypto_neuron.go:42.2,43.44 2 1
github.com/rhino-acoustic/NeuronFS/runtime/crypto_neuron.go:43.44,45.3 1 0
github.com/rhino-acoustic/NeuronFS/runtime/crypto_neuron.go:48.2,49.31 2 1
github.com/rhino-acoustic/NeuronFS/runtime/crypto_neuron.go:54.95,55.42 1 1
github.com/rhino-acoustic/NeuronFS/runtime/crypto_neuron.go:55.42,57.3 1 0
github.com/rhino-acoustic/NeuronFS/runtime/crypto_neuron.go:58.2,58.47 1 1
github.com/rhino-acoustic/NeuronFS/runtime/crypto_neuron.go:58.47,60.3 1 1
github.com/rhino-acoustic/NeuronFS/runtime/crypto_neuron.go:62.2,63.16 2 1
github.com/rhino-acoustic/NeuronFS/runtime/crypto_neuron.go:63.16,65.3 1 0
github.com/rhino-acoustic/NeuronFS/runtime/crypto_neuron.go:67.2,68.16 2 1
github.com/rhino-acoustic/NeuronFS/runtime/crypto_neuron.go:68.16,70.3 1 1
github.com/rhino-acoustic/NeuronFS/runtime/crypto_neuron.go:71.2,71.23 1 1
github.com/rhino-acoustic/NeuronFS/runtime/crypto_neuron.go:75.36,77.42 2 1
github.com/rhino-acoustic/NeuronFS/runtime/crypto_neuron.go:77.42,79.3 1 0
github.com/rhino-acoustic/NeuronFS/runtime/crypto_neuron.go:80.2,80.17 1 1
github.com/rhino-acoustic/NeuronFS/runtime/dashboard.go:77.61,78.54 1 1
github.com/rhino-acoustic/NeuronFS/runtime/dashboard.go:78.54,82.28 4 1
github.com/rhino-acoustic/NeuronFS/runtime/dashboard.go:82.28,85.4 2 1
github.com/rhino-acoustic/NeuronFS/runtime/dashboard.go:86.3,86.10 1 1
github.com/rhino-acoustic/NeuronFS/runtime/dashboard.go:91.46,92.31 1 1
github.com/rhino-acoustic/NeuronFS/runtime/dashboard.go:92.31,95.3 2 0
github.com/rhino-acoustic/NeuronFS/runtime/dashboard.go:96.2,97.16 2 1
github.com/rhino-acoustic/NeuronFS/runtime/dashboard.go:97.16,99.3 1 0
github.com/rhino-acoustic/NeuronFS/runtime/dashboard.go:100.2,100.49 1 1
github.com/rhino-acoustic/NeuronFS/runtime/dashboard.go:104.50,105.31 1 1
github.com/rhino-acoustic/NeuronFS/runtime/dashboard.go:105.31,108.3 2 0
github.com/rhino-acoustic/NeuronFS/runtime/dashboard.go:109.2,110.16 2 1
github.com/rhino-acoustic/NeuronFS/runtime/dashboard.go:110.16,112.3 1 1
github.com/rhino-acoustic/NeuronFS/runtime/dashboard.go:113.2,113.50 1 0
github.com/rhino-acoustic/NeuronFS/runtime/dashboard.go:117.45,119.80 2 1
github.com/rhino-acoustic/NeuronFS/runtime/dashboard.go:119.80,120.17 1 1
github.com/rhino-acoustic/NeuronFS/runtime/dashboard.go:120.17,122.4 1 0
github.com/rhino-acoustic/NeuronFS/runtime/dashboard.go:123.3,123.65 1 1
github.com/rhino-acoustic/NeuronFS/runtime/dashboard.go:123.65,125.4 1 1
github.com/rhino-acoustic/NeuronFS/runtime/dashboard.go:126.3,126.13 1 1
github.com/rhino-acoustic/NeuronFS/runtime/dashboard.go:128.2,128.14 1 1
github.com/rhino-acoustic/NeuronFS/runtime/dashboard.go:132.51,149.2 2 1
github.com/rhino-acoustic/NeuronFS/runtime/dashboard.go:152.57,164.39 4 1
github.com/rhino-acoustic/NeuronFS/runtime/dashboard.go:164.39,173.36 2 1
github.com/rhino-acoustic/NeuronFS/runtime/dashboard.go:173.36,186.4 1 1
github.com/rhino-acoustic/NeuronFS/runtime/dashboard.go:187.3,187.42 1 1
github.com/rhino-acoustic/NeuronFS/runtime/dashboard.go:189.2,189.13 1 1
github.com/rhino-acoustic/NeuronFS/runtime/dashboard.go:194.49,202.85 5 0
github.com/rhino-acoustic/NeuronFS/runtime/dashboard.go:202.85,204.45 1 0
github.com/rhino-acoustic/NeuronFS/runtime/dashboard.go:204.45,207.4 2 0
github.com/rhino-acoustic/NeuronFS/runtime/dashboard.go:209.3,209.69 1 0
github.com/rhino-acoustic/NeuronFS/runtime/dashboard.go:209.69,212.4 2 0
github.com/rhino-acoustic/NeuronFS/runtime/dashboard.go:213.3,214.31 2 0
github.com/rhino-acoustic/NeuronFS/runtime/dashboard.go:218.2,218.95 1 0
github.com/rhino-acoustic/NeuronFS/runtime/dashboard.go:218.95,222.3 3 0
github.com/rhino-acoustic/NeuronFS/runtime/dashboard.go:225.2,225.94 1 0
github.com/rhino-acoustic/NeuronFS/runtime/dashboard.go:225.94,229.3 3 0
github.com/rhino-acoustic/NeuronFS/runtime/dashboard.go:232.2,232.95 1 0
github.com/rhino-acoustic/NeuronFS/runtime/dashboard.go:232.95,233.25 1 0
github.com/rhino-acoustic/NeuronFS/runtime/dashboard.go:233.25,236.4 2 0
github.com/rhino-acoustic/NeuronFS/runtime/dashboard.go:237.3,242.47 5 0
github.com/rhino-acoustic/NeuronFS/runtime/dashboard.go:246.2,246.95 1 0
github.com/rhino-acoustic/NeuronFS/runtime/dashboard.go:246.95,247.25 1 0
github.com/rhino-acoustic/NeuronFS/runtime/dashboard.go:247.25,250.4 2 0
github.com/rhino-acoustic/NeuronFS/runtime/dashboard.go:251.3,252.62 2 0
github.com/rhino-acoustic/NeuronFS/runtime/dashboard.go:252.62,255.4 2 0
github.com/rhino-acoustic/NeuronFS/runtime/dashboard.go:257.3,261.54 4 0
github.com/rhino-acoustic/NeuronFS/runtime/dashboard.go:261.54,264.4 2 0
github.com/rhino-acoustic/NeuronFS/runtime/dashboard.go:266.3,267.69 2 0
github.com/rhino-acoustic/NeuronFS/runtime/dashboard.go:267.69,270.4 2 0
github.com/rhino-acoustic/NeuronFS/runtime/dashboard.go:272.3,273.55 2 0
github.com/rhino-acoustic/NeuronFS/runtime/dashboard.go:277.2,277.93 1 0
github.com/rhino-acoustic/NeuronFS/runtime/dashboard.go:277.93,278.25 1 0
github.com/rhino-acoustic/NeuronFS/runtime/dashboard.go:278.25,281.4 2 0
github.com/rhino-acoustic/NeuronFS/runtime/dashboard.go:282.3,283.62 2 0
github.com/rhino-acoustic/NeuronFS/runtime/dashboard.go:283.62,286.4 2 0
github.com/rhino-acoustic/NeuronFS/runtime/dashboard.go:289.3,289.32 1 0
github.com/rhino-acoustic/NeuronFS/runtime/dashboard.go:289.32,292.4 2 0
github.com/rhino-acoustic/NeuronFS/runtime/dashboard.go:294.3,300.65 6 0
github.com/rhino-acoustic/NeuronFS/runtime/dashboard.go:304.2,304.98 1 0
github.com/rhino-acoustic/NeuronFS/runtime/dashboard.go:304.98,305.25 1 0
github.com/rhino-acoustic/NeuronFS/runtime/dashboard.go:305.25,308.4 2 0
github.com/rhino-acoustic/NeuronFS/runtime/dashboard.go:309.3,310.62 2 0
github.com/rhino-acoustic/NeuronFS/runtime/dashboard.go:310.62,313.4 2 0
github.com/rhino-acoustic/NeuronFS/runtime/dashboard.go:315.3,316.55 2 0
github.com/rhino-acoustic/NeuronFS/runtime/dashboard.go:316.55,319.4 2 0
github.com/rhino-acoustic/NeuronFS/runtime/dashboard.go:321.3,324.27 4 0
github.com/rhino-acoustic/NeuronFS/runtime/dashboard.go:324.27,326.61 2 0
github.com/rhino-acoustic/NeuronFS/runtime/dashboard.go:326.61,329.27 3 0
github.com/rhino-acoustic/NeuronFS/runtime/dashboard.go:329.27,332.6 2 0
github.com/rhino-acoustic/NeuronFS/runtime/dashboard.go:336.3,336.28 1 0
github.com/rhino-acoustic/NeuronFS/runtime/dashboard.go:336.28,338.4 1 0
github.com/rhino-acoustic/NeuronFS/runtime/dashboard.go:339.3,344.49 5 0
github.com/rhino-acoustic/NeuronFS/runtime/dashboard.go:348.2,348.93 1 0
github.com/rhino-acoustic/NeuronFS/runtime/dashboard.go:348.93,349.25 1 0
github.com/rhino-acoustic/NeuronFS/runtime/dashboard.go:349.25,352.4 2 0
github.com/rhino-acoustic/NeuronFS/runtime/dashboard.go:353.3,356.62 2 0
github.com/rhino-acoustic/NeuronFS/runtime/dashboard.go:356.62,359.4 2 0
github.com/rhino-acoustic/NeuronFS/runtime/dashboard.go:360.3,363.43 4 0
github.com/rhino-acoustic/NeuronFS/runtime/dashboard.go:367.2,367.94 1 0
github.com/rhino-acoustic/NeuronFS/runtime/dashboard.go:367.94,368.25 1 0
github.com/rhino-acoustic/NeuronFS/runtime/dashboard.go:368.25,371.4 2 0
github.com/rhino-acoustic/NeuronFS/runtime/dashboard.go:372.3,373.43 2 0
github.com/rhino-acoustic/NeuronFS/runtime/dashboard.go:377.2,377.95 1 0
github.com/rhino-acoustic/NeuronFS/runtime/dashboard.go:377.95,378.25 1 0
github.com/rhino-acoustic/NeuronFS/runtime/dashboard.go:378.25,381.4 2 0
github.com/rhino-acoustic/NeuronFS/runtime/dashboard.go:382.3,386.62 2 0
github.com/rhino-acoustic/NeuronFS/runtime/dashboard.go:386.62,389.4 2 0
github.com/rhino-acoustic/NeuronFS/runtime/dashboard.go:390.3,393.20 4 0
github.com/rhino-acoustic/NeuronFS/runtime/dashboard.go:393.20,395.4 1 0
github.com/rhino-acoustic/NeuronFS/runtime/dashboard.go:396.3,396.64 1 0
github.com/rhino-acoustic/NeuronFS/runtime/dashboard.go:396.64,399.4 2 0
github.com/rhino-acoustic/NeuronFS/runtime/dashboard.go:400.3,400.53 1 0
github.com/rhino-acoustic/NeuronFS/runtime/dashboard.go:404.2,404.97 1 0
github.com/rhino-acoustic/NeuronFS/runtime/dashboard.go:404.97,405.25 1 0
github.com/rhino-acoustic/NeuronFS/runtime/dashboard.go:405.25,408.4 2 0
github.com/rhino-acoustic/NeuronFS/runtime/dashboard.go:409.3,412.62 2 0
github.com/rhino-acoustic/NeuronFS/runtime/dashboard.go:412.62,415.4 2 0
github.com/rhino-acoustic/NeuronFS/runtime/dashboard.go:416.3,418.57 3 0
github.com/rhino-acoustic/NeuronFS/runtime/dashboard.go:418.57,421.4 2 0
github.com/rhino-acoustic/NeuronFS/runtime/dashboard.go:422.3,422.49 1 0
github.com/rhino-acoustic/NeuronFS/runtime/dashboard.go:426.2,426.95 1 0
github.com/rhino-acoustic/NeuronFS/runtime/dashboard.go:426.95,428.3 1 0
github.com/rhino-acoustic/NeuronFS/runtime/dashboard.go:430.2,430.95 1 0
github.com/rhino-acoustic/NeuronFS/runtime/dashboard.go:430.95,431.25 1 0
github.com/rhino-acoustic/NeuronFS/runtime/dashboard.go:431.25,434.4 2 0
github.com/rhino-acoustic/NeuronFS/runtime/dashboard.go:435.3,440.24 3 0
github.com/rhino-acoustic/NeuronFS/runtime/dashboard.go:440.24,443.4 2 0
github.com/rhino-acoustic/NeuronFS/runtime/dashboard.go:444.3,444.25 1 0
github.com/rhino-acoustic/NeuronFS/runtime/dashboard.go:444.25,446.4 1 0
github.com/rhino-acoustic/NeuronFS/runtime/dashboard.go:448.3,457.29 9 0
github.com/rhino-acoustic/NeuronFS/runtime/dashboard.go:457.29,458.46 1 0
github.com/rhino-acoustic/NeuronFS/runtime/dashboard.go:458.46,460.5 1 0
github.com/rhino-acoustic/NeuronFS/runtime/dashboard.go:463.3,469.5 1 0
github.com/rhino-acoustic/NeuronFS/runtime/dashboard.go:473.2,473.96 1 0
github.com/rhino-acoustic/NeuronFS/runtime/dashboard.go:473.96,477.29 4 0
github.com/rhino-acoustic/NeuronFS/runtime/dashboard.go:477.29,478.46 1 0
github.com/rhino-acoustic/NeuronFS/runtime/dashboard.go:478.46,481.5 2 0
github.com/rhino-acoustic/NeuronFS/runtime/dashboard.go:483.3,483.97 1 0
github.com/rhino-acoustic/NeuronFS/runtime/dashboard.go:486.2,486.61 1 0
github.com/rhino-acoustic/NeuronFS/runtime/emit.go:34.71,43.29 6 1
github.com/rhino-acoustic/NeuronFS/runtime/emit.go:43.29,48.3 4 1
github.com/rhino-acoustic/NeuronFS/runtime/emit.go:50.2,54.46 3 1
github.com/rhino-acoustic/NeuronFS/runtime/emit.go:54.46,55.27 1 1
github.com/rhino-acoustic/NeuronFS/runtime/emit.go:55.27,57.29 2 1
github.com/rhino-acoustic/NeuronFS/runtime/emit.go:57.29,59.23 2 1
github.com/rhino-acoustic/NeuronFS/runtime/emit.go:59.23,61.6 1 0
github.com/rhino-acoustic/NeuronFS/runtime/emit.go:63.4,63.9 1 1
github.com/rhino-acoustic/NeuronFS/runtime/emit.go:66.2,75.46 6 1
github.com/rhino-acoustic/NeuronFS/runtime/emit.go:75.46,76.33 1 1
github.com/rhino-acoustic/NeuronFS/runtime/emit.go:76.33,78.29 2 1
github.com/rhino-acoustic/NeuronFS/runtime/emit.go:78.29,80.5 1 1
github.com/rhino-acoustic/NeuronFS/runtime/emit.go:81.4,81.9 1 1
github.com/rhino-acoustic/NeuronFS/runtime/emit.go:84.2,120.46 21 1
github.com/rhino-acoustic/NeuronFS/runtime/emit.go:120.46,121.33 1 1
github.com/rhino-acoustic/NeuronFS/runtime/emit.go:121.33,122.12 1 1
github.com/rhino-acoustic/NeuronFS/runtime/emit.go:125.3,130.36 4 1
github.com/rhino-acoustic/NeuronFS/runtime/emit.go:130.36,131.19 1 1
github.com/rhino-acoustic/NeuronFS/runtime/emit.go:131.19,132.13 1 0
github.com/rhino-acoustic/NeuronFS/runtime/emit.go:134.4,134.62 1 1
github.com/rhino-acoustic/NeuronFS/runtime/emit.go:134.62,135.13 1 1
github.com/rhino-acoustic/NeuronFS/runtime/emit.go:137.4,137.70 1 1
github.com/rhino-acoustic/NeuronFS/runtime/emit.go:137.70,139.5 1 1
github.com/rhino-acoustic/NeuronFS/runtime/emit.go:142.3,142.24 1 1
github.com/rhino-acoustic/NeuronFS/runtime/emit.go:142.24,143.12 1 0
github.com/rhino-acoustic/NeuronFS/runtime/emit.go:147.3,147.43 1 1
github.com/rhino-acoustic/NeuronFS/runtime/emit.go:147.43,149.4 1 1
github.com/rhino-acoustic/NeuronFS/runtime/emit.go:151.3,152.36 2 1
github.com/rhino-acoustic/NeuronFS/runtime/emit.go:152.36,153.20 1 1
github.com/rhino-acoustic/NeuronFS/runtime/emit.go:153.20,155.5 1 1
github.com/rhino-acoustic/NeuronFS/runtime/emit.go:158.3,164.29 4 1
github.com/rhino-acoustic/NeuronFS/runtime/emit.go:164.29,166.26 2 1
github.com/rhino-acoustic/NeuronFS/runtime/emit.go:166.26,167.13 1 0
github.com/rhino-acoustic/NeuronFS/runtime/emit.go:169.4,170.46 2 1
github.com/rhino-acoustic/NeuronFS/runtime/emit.go:170.46,172.5 1 1
github.com/rhino-acoustic/NeuronFS/runtime/emit.go:173.4,173.50 1 1
github.com/rhino-acoustic/NeuronFS/runtime/emit.go:178.3,184.39 3 1
github.com/rhino-acoustic/NeuronFS/runtime/emit.go:184.39,191.30 5 1
github.com/rhino-acoustic/NeuronFS/runtime/emit.go:191.30,192.54 1 1
github.com/rhino-acoustic/NeuronFS/runtime/emit.go:192.54,194.6 1 1
github.com/rhino-acoustic/NeuronFS/runtime/emit.go:196.5,196.52 1 1
github.com/rhino-acoustic/NeuronFS/runtime/emit.go:196.52,198.6 1 0
github.com/rhino-acoustic/NeuronFS/runtime/emit.go:201.4,201.53 1 1
github.com/rhino-acoustic/NeuronFS/runtime/emit.go:201.53,203.5 1 0
github.com/rhino-acoustic/NeuronFS/runtime/emit.go:204.4,205.23 2 1
github.com/rhino-acoustic/NeuronFS/runtime/emit.go:205.23,206.27 1 1
github.com/rhino-acoustic/NeuronFS/runtime/emit.go:206.27,208.6 1 1
github.com/rhino-acoustic/NeuronFS/runtime/emit.go:208.11,208.33 1 1
github.com/rhino-acoustic/NeuronFS/runtime/emit.go:208.33,210.6 1 1
github.com/rhino-acoustic/NeuronFS/runtime/emit.go:214.4,216.30 3 1
github.com/rhino-acoustic/NeuronFS/runtime/emit.go:216.30,221.26 3 1
github.com/rhino-acoustic/NeuronFS/runtime/emit.go:221.26,222.39 1 1
github.com/rhino-acoustic/NeuronFS/runtime/emit.go:222.39,225.12 2 0
github.com/rhino-acoustic/NeuronFS/runtime/emit.go:227.6,227.14 1 1
github.com/rhino-acoustic/NeuronFS/runtime/emit.go:230.5,231.23 2 1
github.com/rhino-acoustic/NeuronFS/runtime/emit.go:231.23,233.6 1 0
github.com/rhino-acoustic/NeuronFS/runtime/emit.go:234.5,234.18 1 1
github.com/rhino-acoustic/NeuronFS/runtime/emit.go:234.18,236.6 1 0
github.com/rhino-acoustic/NeuronFS/runtime/emit.go:237.5,239.39 2 1
github.com/rhino-acoustic/NeuronFS/runtime/emit.go:239.39,241.6 1 1
github.com/rhino-acoustic/NeuronFS/runtime/emit.go:244.4,244.24 1 1
github.com/rhino-acoustic/NeuronFS/runtime/emit.go:244.24,247.5 1 0
github.com/rhino-acoustic/NeuronFS/runtime/emit.go:247.10,247.34 1 1
github.com/rhino-acoustic/NeuronFS/runtime/emit.go:247.34,248.13 1 0
github.com/rhino-acoustic/NeuronFS/runtime/emit.go:249.10,249.34 1 1
github.com/rhino-acoustic/NeuronFS/runtime/emit.go:249.34,251.5 1 1
github.com/rhino-acoustic/NeuronFS/runtime/emit.go:251.10,254.41 2 0
github.com/rhino-acoustic/NeuronFS/runtime/emit.go:254.41,255.18 1 0
github.com/rhino-acoustic/NeuronFS/runtime/emit.go:255.18,257.7 1 0
github.com/rhino-acoustic/NeuronFS/runtime/emit.go:257.12,259.7 1 0
github.com/rhino-acoustic/NeuronFS/runtime/emit.go:261.5,261.26 1 0
github.com/rhino-acoustic/NeuronFS/runtime/emit.go:266.3,266.27 1 1
github.com/rhino-acoustic/NeuronFS/runtime/emit.go:266.27,269.34 3 0
github.com/rhino-acoustic/NeuronFS/runtime/emit.go:269.34,270.51 1 0
github.com/rhino-acoustic/NeuronFS/runtime/emit.go:270.51,272.6 1 0
github.com/rhino-acoustic/NeuronFS/runtime/emit.go:273.5,273.64 1 0
github.com/rhino-acoustic/NeuronFS/runtime/emit.go:275.4,275.33 1 0
github.com/rhino-acoustic/NeuronFS/runtime/emit.go:275.33,277.24 2 0
github.com/rhino-acoustic/NeuronFS/runtime/emit.go:277.24,279.6 1 0
github.com/rhino-acoustic/NeuronFS/runtime/emit.go:279.11,281.38 2 0
github.com/rhino-acoustic/NeuronFS/runtime/emit.go:281.38,282.19 1 0
github.com/rhino-acoustic/NeuronFS/runtime/emit.go:282.19,284.8 1 0
github.com/rhino-acoustic/NeuronFS/runtime/emit.go:284.13,286.8 1 0
github.com/rhino-acoustic/NeuronFS/runtime/emit.go:288.6,288.27 1 0
github.com/rhino-acoustic/NeuronFS/runtime/emit.go:292.3,292.23 1 1
github.com/rhino-acoustic/NeuronFS/runtime/emit.go:301.2,301.25 1 1
github.com/rhino-acoustic/NeuronFS/runtime/emit.go:301.25,305.37 4 1
github.com/rhino-acoustic/NeuronFS/runtime/emit.go:305.37,307.23 2 1
github.com/rhino-acoustic/NeuronFS/runtime/emit.go:307.23,308.13 1 0
github.com/rhino-acoustic/NeuronFS/runtime/emit.go:310.4,312.49 3 1
github.com/rhino-acoustic/NeuronFS/runtime/emit.go:312.49,314.5 1 1
github.com/rhino-acoustic/NeuronFS/runtime/emit.go:315.4,315.59 1 1
github.com/rhino-acoustic/NeuronFS/runtime/emit.go:317.3,317.37 1 1
github.com/rhino-acoustic/NeuronFS/runtime/emit.go:317.37,320.4 2 1
github.com/rhino-acoustic/NeuronFS/runtime/emit.go:321.3,321.23 1 1
github.com/rhino-acoustic/NeuronFS/runtime/emit.go:325.2,337.20 12 1
github.com/rhino-acoustic/NeuronFS/runtime/emit.go:344.62,352.29 4 1
github.com/rhino-acoustic/NeuronFS/runtime/emit.go:352.29,354.3 1 0
github.com/rhino-acoustic/NeuronFS/runtime/emit.go:357.2,358.46 2 1
github.com/rhino-acoustic/NeuronFS/runtime/emit.go:358.46,359.28 1 1
github.com/rhino-acoustic/NeuronFS/runtime/emit.go:359.28,361.9 2 1
github.com/rhino-acoustic/NeuronFS/runtime/emit.go:364.2,364.14 1 1
github.com/rhino-acoustic/NeuronFS/runtime/emit.go:364.14,366.47 2 1
github.com/rhino-acoustic/NeuronFS/runtime/emit.go:366.47,368.38 2 1
github.com/rhino-acoustic/NeuronFS/runtime/emit.go:368.38,369.42 1 1
github.com/rhino-acoustic/NeuronFS/runtime/emit.go:369.42,372.6 2 0
github.com/rhino-acoustic/NeuronFS/runtime/emit.go:372.11,374.26 2 1
github.com/rhino-acoustic/NeuronFS/runtime/emit.go:374.26,376.7 1 0
github.com/rhino-acoustic/NeuronFS/runtime/emit.go:377.6,377.93 1 1
github.com/rhino-acoustic/NeuronFS/runtime/emit.go:381.3,381.23 1 1
github.com/rhino-acoustic/NeuronFS/runtime/emit.go:385.2,388.32 4 1
github.com/rhino-acoustic/NeuronFS/runtime/emit.go:388.32,390.3 1 0
github.com/rhino-acoustic/NeuronFS/runtime/emit.go:391.2,391.45 1 1
github.com/rhino-acoustic/NeuronFS/runtime/emit.go:391.45,394.3 2 1
github.com/rhino-acoustic/NeuronFS/runtime/emit.go:395.2,401.32 5 1
github.com/rhino-acoustic/NeuronFS/runtime/emit.go:401.32,402.84 1 1
github.com/rhino-acoustic/NeuronFS/runtime/emit.go:402.84,404.4 1 1
github.com/rhino-acoustic/NeuronFS/runtime/emit.go:406.2,406.24 1 1
github.com/rhino-acoustic/NeuronFS/runtime/emit.go:406.24,413.32 5 1
github.com/rhino-acoustic/NeuronFS/runtime/emit.go:413.32,415.4 1 1
github.com/rhino-acoustic/NeuronFS/runtime/emit.go:417.3,417.42 1 1
github.com/rhino-acoustic/NeuronFS/runtime/emit.go:417.42,421.25 4 1
github.com/rhino-acoustic/NeuronFS/runtime/emit.go:421.25,423.13 2 0
github.com/rhino-acoustic/NeuronFS/runtime/emit.go:425.4,425.31 1 1
github.com/rhino-acoustic/NeuronFS/runtime/emit.go:425.31,429.5 2 1
github.com/rhino-acoustic/NeuronFS/runtime/emit.go:430.4,430.24 1 1
github.com/rhino-acoustic/NeuronFS/runtime/emit.go:433.3,433.35 1 1
github.com/rhino-acoustic/NeuronFS/runtime/emit.go:437.2,440.39 4 1
github.com/rhino-acoustic/NeuronFS/runtime/emit.go:440.39,445.36 5 1
github.com/rhino-acoustic/NeuronFS/runtime/emit.go:445.36,446.20 1 1
github.com/rhino-acoustic/NeuronFS/runtime/emit.go:446.20,449.5 2 1
github.com/rhino-acoustic/NeuronFS/runtime/emit.go:451.3,452.59 1 1
github.com/rhino-acoustic/NeuronFS/runtime/emit.go:454.2,456.20 2 1
github.com/rhino-acoustic/NeuronFS/runtime/emit.go:474.44,486.35 8 1
github.com/rhino-acoustic/NeuronFS/runtime/emit.go:486.35,487.18 1 1
github.com/rhino-acoustic/NeuronFS/runtime/emit.go:487.18,489.4 1 0
github.com/rhino-acoustic/NeuronFS/runtime/emit.go:489.9,492.4 2 1
github.com/rhino-acoustic/NeuronFS/runtime/emit.go:494.2,497.27 2 1
github.com/rhino-acoustic/NeuronFS/runtime/emit.go:497.27,499.37 2 1
github.com/rhino-acoustic/NeuronFS/runtime/emit.go:499.37,501.4 1 1
github.com/rhino-acoustic/NeuronFS/runtime/emit.go:502.3,502.23 1 1
github.com/rhino-acoustic/NeuronFS/runtime/emit.go:506.2,507.35 2 1
github.com/rhino-acoustic/NeuronFS/runtime/emit.go:507.35,508.18 1 1
github.com/rhino-acoustic/NeuronFS/runtime/emit.go:508.18,509.12 1 0
github.com/rhino-acoustic/NeuronFS/runtime/emit.go:511.3,514.27 3 1
github.com/rhino-acoustic/NeuronFS/runtime/emit.go:514.27,515.45 1 1
github.com/rhino-acoustic/NeuronFS/runtime/emit.go:515.45,516.17 1 1
github.com/rhino-acoustic/NeuronFS/runtime/emit.go:516.17,518.6 1 1
github.com/rhino-acoustic/NeuronFS/runtime/emit.go:522.3,523.33 2 1
github.com/rhino-acoustic/NeuronFS/runtime/emit.go:523.33,524.52 1 1
github.com/rhino-acoustic/NeuronFS/runtime/emit.go:524.52,526.5 1 1
github.com/rhino-acoustic/NeuronFS/runtime/emit.go:527.4,528.28 2 1
github.com/rhino-acoustic/NeuronFS/runtime/emit.go:528.28,534.5 4 1
github.com/rhino-acoustic/NeuronFS/runtime/emit.go:539.2,543.20 4 1
github.com/rhino-acoustic/NeuronFS/runtime/emit.go:548.80,555.34 3 1
github.com/rhino-acoustic/NeuronFS/runtime/emit.go:555.34,557.3 1 1
github.com/rhino-acoustic/NeuronFS/runtime/emit.go:558.2,558.43 1 1
github.com/rhino-acoustic/NeuronFS/runtime/emit.go:558.43,562.21 3 1
github.com/rhino-acoustic/NeuronFS/runtime/emit.go:562.21,564.4 1 0
github.com/rhino-acoustic/NeuronFS/runtime/emit.go:566.3,566.61 1 1
github.com/rhino-acoustic/NeuronFS/runtime/emit.go:569.2,571.33 2 1
github.com/rhino-acoustic/NeuronFS/runtime/emit.go:571.33,575.39 3 1
github.com/rhino-acoustic/NeuronFS/runtime/emit.go:575.39,578.22 2 1
github.com/rhino-acoustic/NeuronFS/runtime/emit.go:578.22,580.5 1 0
github.com/rhino-acoustic/NeuronFS/runtime/emit.go:581.4,581.17 1 1
github.com/rhino-acoustic/NeuronFS/runtime/emit.go:581.17,583.5 1 0
github.com/rhino-acoustic/NeuronFS/runtime/emit.go:584.4,585.23 2 1
github.com/rhino-acoustic/NeuronFS/runtime/emit.go:585.23,587.5 1 1
github.com/rhino-acoustic/NeuronFS/runtime/emit.go:587.10,587.29 1 1
github.com/rhino-acoustic/NeuronFS/runtime/emit.go:587.29,589.5 1 1
github.com/rhino-acoustic/NeuronFS/runtime/emit.go:590.4,590.100 1 1
github.com/rhino-acoustic/NeuronFS/runtime/emit.go:591.9,591.45 1 1
github.com/rhino-acoustic/NeuronFS/runtime/emit.go:591.45,594.22 2 1
github.com/rhino-acoustic/NeuronFS/runtime/emit.go:594.22,596.5 1 0
github.com/rhino-acoustic/NeuronFS/runtime/emit.go:597.4,598.23 2 1
github.com/rhino-acoustic/NeuronFS/runtime/emit.go:598.23,600.5 1 0
github.com/rhino-acoustic/NeuronFS/runtime/emit.go:600.10,600.29 1 1
github.com/rhino-acoustic/NeuronFS/runtime/emit.go:600.29,602.5 1 0
github.com/rhino-acoustic/NeuronFS/runtime/emit.go:603.4,604.52 2 1
github.com/rhino-acoustic/NeuronFS/runtime/emit.go:605.9,609.4 2 0
github.com/rhino-acoustic/NeuronFS/runtime/emit.go:617.38,622.17 4 0
github.com/rhino-acoustic/NeuronFS/runtime/emit.go:622.17,624.3 1 0
github.com/rhino-acoustic/NeuronFS/runtime/emit.go:627.2,633.76 5 0
github.com/rhino-acoustic/NeuronFS/runtime/emit.go:633.76,635.3 1 0
github.com/rhino-acoustic/NeuronFS/runtime/emit.go:638.2,638.39 1 0
github.com/rhino-acoustic/NeuronFS/runtime/emit.go:638.39,641.72 3 0
github.com/rhino-acoustic/NeuronFS/runtime/emit.go:641.72,643.4 1 0
github.com/rhino-acoustic/NeuronFS/runtime/emit.go:647.2,650.44 2 0
github.com/rhino-acoustic/NeuronFS/runtime/emit.go:653.74,663.38 4 1
github.com/rhino-acoustic/NeuronFS/runtime/emit.go:663.38,665.33 2 1
github.com/rhino-acoustic/NeuronFS/runtime/emit.go:665.33,667.19 2 1
github.com/rhino-acoustic/NeuronFS/runtime/emit.go:667.19,668.13 1 0
github.com/rhino-acoustic/NeuronFS/runtime/emit.go:670.4,672.28 3 1
github.com/rhino-acoustic/NeuronFS/runtime/emit.go:672.28,673.44 1 1
github.com/rhino-acoustic/NeuronFS/runtime/emit.go:673.44,675.6 1 1
github.com/rhino-acoustic/NeuronFS/runtime/emit.go:677.4,677.17 1 1
github.com/rhino-acoustic/NeuronFS/runtime/emit.go:677.17,679.5 1 1
github.com/rhino-acoustic/NeuronFS/runtime/emit.go:680.4,682.77 3 1
github.com/rhino-acoustic/NeuronFS/runtime/emit.go:686.2,686.25 1 1
github.com/rhino-acoustic/NeuronFS/runtime/emit.go:686.25,688.3 1 1
github.com/rhino-acoustic/NeuronFS/runtime/emit.go:690.2,690.39 1 0
github.com/rhino-acoustic/NeuronFS/runtime/emit.go:690.39,692.3 1 0
github.com/rhino-acoustic/NeuronFS/runtime/emit.go:694.2,695.28 2 0
github.com/rhino-acoustic/NeuronFS/runtime/emit.go:695.28,696.26 1 0
github.com/rhino-acoustic/NeuronFS/runtime/emit.go:696.26,697.9 1 0
github.com/rhino-acoustic/NeuronFS/runtime/emit.go:699.3,701.12 3 0
github.com/rhino-acoustic/NeuronFS/runtime/emit.go:703.2,703.16 1 0
github.com/rhino-acoustic/NeuronFS/runtime/emit.go:728.63,733.17 4 1
github.com/rhino-acoustic/NeuronFS/runtime/emit.go:733.17,735.3 1 0
github.com/rhino-acoustic/NeuronFS/runtime/emit.go:738.2,745.21 4 1
github.com/rhino-acoustic/NeuronFS/runtime/emit.go:745.21,746.32 1 1
github.com/rhino-acoustic/NeuronFS/runtime/emit.go:746.32,748.4 1 1
github.com/rhino-acoustic/NeuronFS/runtime/emit.go:750.3,750.24 1 1
github.com/rhino-acoustic/NeuronFS/runtime/emit.go:751.8,753.3 1 1
github.com/rhino-acoustic/NeuronFS/runtime/emit.go:756.2,756.28 1 1
github.com/rhino-acoustic/NeuronFS/runtime/emit.go:756.28,758.10 2 1
github.com/rhino-acoustic/NeuronFS/runtime/emit.go:758.10,760.12 2 1
github.com/rhino-acoustic/NeuronFS/runtime/emit.go:763.3,764.22 2 1
github.com/rhino-acoustic/NeuronFS/runtime/emit.go:764.22,768.4 3 1
github.com/rhino-acoustic/NeuronFS/runtime/emit.go:768.9,770.4 1 1
github.com/rhino-acoustic/NeuronFS/runtime/emit.go:773.3,773.20 1 1
github.com/rhino-acoustic/NeuronFS/runtime/emit.go:773.20,775.4 1 1
github.com/rhino-acoustic/NeuronFS/runtime/emit.go:775.9,777.76 1 1
github.com/rhino-acoustic/NeuronFS/runtime/emit.go:777.76,779.13 2 0
github.com/rhino-acoustic/NeuronFS/runtime/emit.go:783.3,783.60 1 1
github.com/rhino-acoustic/NeuronFS/runtime/emit.go:787.2,789.76 3 1
github.com/rhino-acoustic/NeuronFS/runtime/emit.go:789.76,791.3 1 0
github.com/rhino-acoustic/NeuronFS/runtime/emit.go:793.2,793.39 1 1
github.com/rhino-acoustic/NeuronFS/runtime/emit.go:793.39,796.72 3 1
github.com/rhino-acoustic/NeuronFS/runtime/emit.go:796.72,798.4 1 0
github.com/rhino-acoustic/NeuronFS/runtime/emit.go:801.2,804.58 2 1
github.com/rhino-acoustic/NeuronFS/runtime/emit.go:808.52,810.16 2 1
github.com/rhino-acoustic/NeuronFS/runtime/emit.go:810.16,815.3 3 1
github.com/rhino-acoustic/NeuronFS/runtime/emit.go:817.2,824.34 6 1
github.com/rhino-acoustic/NeuronFS/runtime/emit.go:824.34,827.3 2 1
github.com/rhino-acoustic/NeuronFS/runtime/emit.go:827.8,829.3 1 0
github.com/rhino-acoustic/NeuronFS/runtime/emit.go:831.2,831.47 1 1
github.com/rhino-acoustic/NeuronFS/runtime/emit.go:840.58,841.54 1 0
github.com/rhino-acoustic/NeuronFS/runtime/emit.go:841.54,843.23 2 0
github.com/rhino-acoustic/NeuronFS/runtime/emit.go:843.23,846.4 2 0
github.com/rhino-acoustic/NeuronFS/runtime/emit.go:849.3,849.47 1 0
github.com/rhino-acoustic/NeuronFS/runtime/emit.go:849.47,852.4 2 0
github.com/rhino-acoustic/NeuronFS/runtime/emit.go:855.3,857.40 3 0
github.com/rhino-acoustic/NeuronFS/runtime/emit.go:857.40,858.33 1 0
github.com/rhino-acoustic/NeuronFS/runtime/emit.go:858.33,864.10 5 0
github.com/rhino-acoustic/NeuronFS/runtime/emit.go:867.3,867.21 1 0
github.com/rhino-acoustic/NeuronFS/runtime/emit.go:867.21,870.4 2 0
github.com/rhino-acoustic/NeuronFS/runtime/emit.go:874.3,874.40 1 0
github.com/rhino-acoustic/NeuronFS/runtime/emit.go:874.40,875.33 1 0
github.com/rhino-acoustic/NeuronFS/runtime/emit.go:875.33,877.28 2 0
github.com/rhino-acoustic/NeuronFS/runtime/emit.go:877.28,880.6 2 0
github.com/rhino-acoustic/NeuronFS/runtime/emit.go:881.5,881.10 1 0
github.com/rhino-acoustic/NeuronFS/runtime/emit.go:885.3,886.19 2 0
github.com/rhino-acoustic/NeuronFS/runtime/emit.go:895.41,898.29 3 1
github.com/rhino-acoustic/NeuronFS/runtime/emit.go:898.29,899.47 1 1
github.com/rhino-acoustic/NeuronFS/runtime/emit.go:899.47,900.16 1 1
github.com/rhino-acoustic/NeuronFS/runtime/emit.go:900.16,902.5 1 1
github.com/rhino-acoustic/NeuronFS/runtime/emit.go:905.2,905.15 1 1
github.com/rhino-acoustic/NeuronFS/runtime/emit.go:910.38,915.2 4 1
github.com/rhino-acoustic/NeuronFS/runtime/emit.go:923.69,925.46 2 1
github.com/rhino-acoustic/NeuronFS/runtime/emit.go:925.46,926.36 1 1
github.com/rhino-acoustic/NeuronFS/runtime/emit.go:926.36,927.20 1 1
github.com/rhino-acoustic/NeuronFS/runtime/emit.go:927.20,929.5 1 1
github.com/rhino-acoustic/NeuronFS/runtime/emit.go:932.2,932.38 1 1
github.com/rhino-acoustic/NeuronFS/runtime/emit.go:932.38,934.3 1 1
github.com/rhino-acoustic/NeuronFS/runtime/emit.go:935.2,935.12 1 1
github.com/rhino-acoustic/NeuronFS/runtime/emit.go:939.64,941.28 2 1
github.com/rhino-acoustic/NeuronFS/runtime/emit.go:941.28,942.19 1 1
github.com/rhino-acoustic/NeuronFS/runtime/emit.go:942.19,944.4 1 1
github.com/rhino-acoustic/NeuronFS/runtime/emit.go:946.2,946.41 1 1
github.com/rhino-acoustic/NeuronFS/runtime/emit.go:946.41,948.3 1 1
github.com/rhino-acoustic/NeuronFS/runtime/emit.go:949.2,949.25 1 1
github.com/rhino-acoustic/NeuronFS/runtime/emit.go:949.25,951.3 1 0
github.com/rhino-acoustic/NeuronFS/runtime/emit.go:952.2,952.15 1 1
github.com/rhino-acoustic/NeuronFS/runtime/evolve.go:87.47,89.18 2 0
github.com/rhino-acoustic/NeuronFS/runtime/evolve.go:89.18,93.3 3 0
github.com/rhino-acoustic/NeuronFS/runtime/evolve.go:95.2,97.12 3 0
github.com/rhino-acoustic/NeuronFS/runtime/evolve.go:97.12,99.3 1 0
github.com/rhino-acoustic/NeuronFS/runtime/evolve.go:100.2,123.16 13 0
github.com/rhino-acoustic/NeuronFS/runtime/evolve.go:123.16,126.3 2 0
github.com/rhino-acoustic/NeuronFS/runtime/evolve.go:128.2,138.31 8 0
github.com/rhino-acoustic/NeuronFS/runtime/evolve.go:138.31,140.44 2 0
github.com/rhino-acoustic/NeuronFS/runtime/evolve.go:140.44,142.4 1 0
github.com/rhino-acoustic/NeuronFS/runtime/evolve.go:143.3,143.16 1 0
github.com/rhino-acoustic/NeuronFS/runtime/evolve.go:146.2,146.31 1 0
github.com/rhino-acoustic/NeuronFS/runtime/evolve.go:146.31,150.3 3 0
github.com/rhino-acoustic/NeuronFS/runtime/evolve.go:152.2,153.41 2 0
github.com/rhino-acoustic/NeuronFS/runtime/evolve.go:153.41,156.26 3 0
github.com/rhino-acoustic/NeuronFS/runtime/evolve.go:156.26,158.4 1 0
github.com/rhino-acoustic/NeuronFS/runtime/evolve.go:159.3,159.51 1 0
github.com/rhino-acoustic/NeuronFS/runtime/evolve.go:161.2,164.12 2 0
github.com/rhino-acoustic/NeuronFS/runtime/evolve.go:164.12,169.3 4 0
github.com/rhino-acoustic/NeuronFS/runtime/evolve.go:171.2,175.41 4 0
github.com/rhino-acoustic/NeuronFS/runtime/evolve.go:175.41,176.22 1 0
github.com/rhino-acoustic/NeuronFS/runtime/evolve.go:177.15,179.18 2 0
github.com/rhino-acoustic/NeuronFS/runtime/evolve.go:179.18,182.5 2 0
github.com/rhino-acoustic/NeuronFS/runtime/evolve.go:182.10,184.5 1 0
github.com/rhino-acoustic/NeuronFS/runtime/evolve.go:186.15,188.14 2 0
github.com/rhino-acoustic/NeuronFS/runtime/evolve.go:190.17,191.27 1 0
github.com/rhino-acoustic/NeuronFS/runtime/evolve.go:191.27,193.5 1 0
github.com/rhino-acoustic/NeuronFS/runtime/evolve.go:194.4,195.18 2 0
github.com/rhino-acoustic/NeuronFS/runtime/evolve.go:195.18,198.5 2 0
github.com/rhino-acoustic/NeuronFS/runtime/evolve.go:198.10,200.5 1 0
github.com/rhino-acoustic/NeuronFS/runtime/evolve.go:202.25,205.47 2 0
github.com/rhino-acoustic/NeuronFS/runtime/evolve.go:205.47,211.5 4 0
github.com/rhino-acoustic/NeuronFS/runtime/evolve.go:211.10,214.5 2 0
github.com/rhino-acoustic/NeuronFS/runtime/evolve.go:216.11,218.13 2 0
github.com/rhino-acoustic/NeuronFS/runtime/evolve.go:222.2,229.18 3 0
github.com/rhino-acoustic/NeuronFS/runtime/evolve.go:229.18,231.3 1 0
github.com/rhino-acoustic/NeuronFS/runtime/evolve.go:236.49,239.16 3 1
github.com/rhino-acoustic/NeuronFS/runtime/evolve.go:239.16,241.3 1 1
github.com/rhino-acoustic/NeuronFS/runtime/evolve.go:243.2,251.28 4 1
github.com/rhino-acoustic/NeuronFS/runtime/evolve.go:251.28,252.59 1 1
github.com/rhino-acoustic/NeuronFS/runtime/evolve.go:252.59,255.38 3 1
github.com/rhino-acoustic/NeuronFS/runtime/evolve.go:255.38,257.5 1 1
github.com/rhino-acoustic/NeuronFS/runtime/evolve.go:262.2,262.39 1 1
github.com/rhino-acoustic/NeuronFS/runtime/evolve.go:262.39,262.75 1 1
github.com/rhino-acoustic/NeuronFS/runtime/evolve.go:264.2,265.25 2 1
github.com/rhino-acoustic/NeuronFS/runtime/evolve.go:265.25,267.3 1 1
github.com/rhino-acoustic/NeuronFS/runtime/evolve.go:268.2,268.15 1 1
github.com/rhino-acoustic/NeuronFS/runtime/evolve.go:273.70,279.39 3 1
github.com/rhino-acoustic/NeuronFS/runtime/evolve.go:279.39,286.43 5 1
github.com/rhino-acoustic/NeuronFS/runtime/evolve.go:286.43,288.4 1 1
github.com/rhino-acoustic/NeuronFS/runtime/evolve.go:290.3,290.29 1 1
github.com/rhino-acoustic/NeuronFS/runtime/evolve.go:290.29,292.19 2 1
github.com/rhino-acoustic/NeuronFS/runtime/evolve.go:292.19,294.5 1 0
github.com/rhino-acoustic/NeuronFS/runtime/evolve.go:295.4,295.17 1 1
github.com/rhino-acoustic/NeuronFS/runtime/evolve.go:295.17,297.5 1 0
github.com/rhino-acoustic/NeuronFS/runtime/evolve.go:298.4,299.22 2 1
github.com/rhino-acoustic/NeuronFS/runtime/evolve.go:299.22,301.5 1 0
github.com/rhino-acoustic/NeuronFS/runtime/evolve.go:302.4,302.95 1 1
github.com/rhino-acoustic/NeuronFS/runtime/evolve.go:304.3,304.23 1 1
github.com/rhino-acoustic/NeuronFS/runtime/evolve.go:307.2,307.20 1 1
github.com/rhino-acoustic/NeuronFS/runtime/evolve.go:312.92,345.23 25 1
github.com/rhino-acoustic/NeuronFS/runtime/evolve.go:345.23,350.25 4 1
github.com/rhino-acoustic/NeuronFS/runtime/evolve.go:350.25,352.4 1 0
github.com/rhino-acoustic/NeuronFS/runtime/evolve.go:353.3,353.39 1 1
github.com/rhino-acoustic/NeuronFS/runtime/evolve.go:353.39,355.4 1 1
github.com/rhino-acoustic/NeuronFS/runtime/evolve.go:356.3,356.28 1 1
github.com/rhino-acoustic/NeuronFS/runtime/evolve.go:359.2,385.20 24 1
github.com/rhino-acoustic/NeuronFS/runtime/evolve.go:390.65,405.16 3 0
github.com/rhino-acoustic/NeuronFS/runtime/evolve.go:405.16,407.3 1 0
github.com/rhino-acoustic/NeuronFS/runtime/evolve.go:409.2,410.16 2 0
github.com/rhino-acoustic/NeuronFS/runtime/evolve.go:410.16,412.3 1 0
github.com/rhino-acoustic/NeuronFS/runtime/evolve.go:413.2,418.16 5 0
github.com/rhino-acoustic/NeuronFS/runtime/evolve.go:418.16,420.3 1 0
github.com/rhino-acoustic/NeuronFS/runtime/evolve.go:421.2,424.16 3 0
github.com/rhino-acoustic/NeuronFS/runtime/evolve.go:424.16,426.3 1 0
github.com/rhino-acoustic/NeuronFS/runtime/evolve.go:428.2,428.28 1 0
github.com/rhino-acoustic/NeuronFS/runtime/evolve.go:428.28,430.3 1 0
github.com/rhino-acoustic/NeuronFS/runtime/evolve.go:432.2,433.56 2 0
github.com/rhino-acoustic/NeuronFS/runtime/evolve.go:433.56,435.3 1 0
github.com/rhino-acoustic/NeuronFS/runtime/evolve.go:437.2,437.27 1 0
github.com/rhino-acoustic/NeuronFS/runtime/evolve.go:437.27,439.3 1 0
github.com/rhino-acoustic/NeuronFS/runtime/evolve.go:441.2,441.32 1 0
github.com/rhino-acoustic/NeuronFS/runtime/evolve.go:441.32,443.3 1 0
github.com/rhino-acoustic/NeuronFS/runtime/evolve.go:446.2,450.66 4 0
github.com/rhino-acoustic/NeuronFS/runtime/evolve.go:450.66,452.51 1 0
github.com/rhino-acoustic/NeuronFS/runtime/evolve.go:452.51,454.64 2 0
github.com/rhino-acoustic/NeuronFS/runtime/evolve.go:454.64,456.5 1 0
github.com/rhino-acoustic/NeuronFS/runtime/evolve.go:457.4,457.70 1 0
github.com/rhino-acoustic/NeuronFS/runtime/evolve.go:457.70,459.5 1 0
github.com/rhino-acoustic/NeuronFS/runtime/evolve.go:460.9,462.4 1 0
github.com/rhino-acoustic/NeuronFS/runtime/evolve.go:466.2,467.36 2 0
github.com/rhino-acoustic/NeuronFS/runtime/evolve.go:467.36,475.21 5 0
github.com/rhino-acoustic/NeuronFS/runtime/evolve.go:475.21,477.12 2 0
github.com/rhino-acoustic/NeuronFS/runtime/evolve.go:479.3,480.43 2 0
github.com/rhino-acoustic/NeuronFS/runtime/evolve.go:480.43,482.12 2 0
github.com/rhino-acoustic/NeuronFS/runtime/evolve.go:486.3,486.92 1 0
github.com/rhino-acoustic/NeuronFS/runtime/evolve.go:486.92,488.12 2 0
github.com/rhino-acoustic/NeuronFS/runtime/evolve.go:492.3,492.89 1 0
github.com/rhino-acoustic/NeuronFS/runtime/evolve.go:492.89,494.12 2 0
github.com/rhino-acoustic/NeuronFS/runtime/evolve.go:498.3,498.66 1 0
github.com/rhino-acoustic/NeuronFS/runtime/evolve.go:498.66,500.12 2 0
github.com/rhino-acoustic/NeuronFS/runtime/evolve.go:504.3,504.17 1 0
github.com/rhino-acoustic/NeuronFS/runtime/evolve.go:505.51,506.42 1 0
github.com/rhino-acoustic/NeuronFS/runtime/evolve.go:507.11,508.70 1 0
github.com/rhino-acoustic/NeuronFS/runtime/evolve.go:511.2,513.22 2 0
github.com/rhino-acoustic/NeuronFS/runtime/evolve.go:518.57,519.54 1 0
github.com/rhino-acoustic/NeuronFS/runtime/evolve.go:519.54,520.25 1 0
github.com/rhino-acoustic/NeuronFS/runtime/evolve.go:520.25,523.4 2 0
github.com/rhino-acoustic/NeuronFS/runtime/evolve.go:525.3,531.19 4 0
github.com/rhino-acoustic/NeuronFS/runtime/evolve.go:531.19,536.4 4 0
github.com/rhino-acoustic/NeuronFS/runtime/evolve.go:539.3,547.17 7 0
github.com/rhino-acoustic/NeuronFS/runtime/evolve.go:547.17,552.4 4 0
github.com/rhino-acoustic/NeuronFS/runtime/evolve.go:555.3,557.18 3 0
github.com/rhino-acoustic/NeuronFS/runtime/evolve.go:557.18,558.43 1 0
github.com/rhino-acoustic/NeuronFS/runtime/evolve.go:558.43,559.24 1 0
github.com/rhino-acoustic/NeuronFS/runtime/evolve.go:560.17,561.63 1 0
github.com/rhino-acoustic/NeuronFS/runtime/evolve.go:561.63,563.7 1 0
github.com/rhino-acoustic/NeuronFS/runtime/evolve.go:563.12,565.7 1 0
github.com/rhino-acoustic/NeuronFS/runtime/evolve.go:566.17,568.16 2 0
github.com/rhino-acoustic/NeuronFS/runtime/evolve.go:569.19,570.29 1 0
github.com/rhino-acoustic/NeuronFS/runtime/evolve.go:570.29,572.7 1 0
github.com/rhino-acoustic/NeuronFS/runtime/evolve.go:573.6,573.80 1 0
github.com/rhino-acoustic/NeuronFS/runtime/evolve.go:573.80,575.7 1 0
github.com/rhino-acoustic/NeuronFS/runtime/evolve.go:575.12,577.7 1 0
github.com/rhino-acoustic/NeuronFS/runtime/evolve.go:578.27,580.49 2 0
github.com/rhino-acoustic/NeuronFS/runtime/evolve.go:580.49,585.7 3 0
github.com/rhino-acoustic/NeuronFS/runtime/evolve.go:585.12,587.7 1 0
github.com/rhino-acoustic/NeuronFS/runtime/evolve.go:588.13,589.15 1 0
github.com/rhino-acoustic/NeuronFS/runtime/evolve.go:593.4,593.20 1 0
github.com/rhino-acoustic/NeuronFS/runtime/evolve.go:593.20,596.5 2 0
github.com/rhino-acoustic/NeuronFS/runtime/evolve.go:599.3,607.5 2 0
github.com/rhino-acoustic/NeuronFS/runtime/evolve.go:613.43,614.20 1 1
github.com/rhino-acoustic/NeuronFS/runtime/evolve.go:615.14,616.16 1 1
github.com/rhino-acoustic/NeuronFS/runtime/evolve.go:617.14,618.16 1 1
github.com/rhino-acoustic/NeuronFS/runtime/evolve.go:619.16,620.16 1 1
github.com/rhino-acoustic/NeuronFS/runtime/evolve.go:621.24,622.16 1 1
github.com/rhino-acoustic/NeuronFS/runtime/evolve.go:623.15,624.16 1 1
github.com/rhino-acoustic/NeuronFS/runtime/evolve.go:625.10,626.15 1 1
github.com/rhino-acoustic/NeuronFS/runtime/evolve.go:631.58,632.10 1 1
github.com/rhino-acoustic/NeuronFS/runtime/evolve.go:632.10,634.3 1 1
github.com/rhino-acoustic/NeuronFS/runtime/evolve.go:635.2,635.17 1 1
github.com/rhino-acoustic/NeuronFS/runtime/evolve.go:639.44,640.22 1 1
github.com/rhino-acoustic/NeuronFS/runtime/evolve.go:640.22,642.3 1 1
github.com/rhino-acoustic/NeuronFS/runtime/evolve.go:643.2,643.27 1 1
github.com/rhino-acoustic/NeuronFS/runtime/flatline_poc.go:39.41,40.25 1 0
github.com/rhino-acoustic/NeuronFS/runtime/flatline_poc.go:40.25,42.3 1 0
github.com/rhino-acoustic/NeuronFS/runtime/flatline_poc.go:43.2,43.37 1 0
github.com/rhino-acoustic/NeuronFS/runtime/flatline_poc.go:46.46,47.16 1 0
github.com/rhino-acoustic/NeuronFS/runtime/flatline_poc.go:48.17,49.11 1 0
github.com/rhino-acoustic/NeuronFS/runtime/flatline_poc.go:50.18,52.38 1 0
github.com/rhino-acoustic/NeuronFS/runtime/flatline_poc.go:53.10,54.38 1 0
github.com/rhino-acoustic/NeuronFS/runtime/flatline_poc.go:58.44,59.25 1 0
github.com/rhino-acoustic/NeuronFS/runtime/flatline_poc.go:59.25,61.3 1 0
github.com/rhino-acoustic/NeuronFS/runtime/flatline_poc.go:62.2,62.35 1 0
github.com/rhino-acoustic/NeuronFS/runtime/flatline_poc.go:65.45,66.25 1 0
github.com/rhino-acoustic/NeuronFS/runtime/flatline_poc.go:66.25,68.3 1 0
github.com/rhino-acoustic/NeuronFS/runtime/flatline_poc.go:69.2,69.35 1 0
github.com/rhino-acoustic/NeuronFS/runtime/flatline_poc.go:72.42,73.16 1 1
github.com/rhino-acoustic/NeuronFS/runtime/flatline_poc.go:74.18,75.48 1 1
github.com/rhino-acoustic/NeuronFS/runtime/flatline_poc.go:76.16,77.42 1 1
github.com/rhino-acoustic/NeuronFS/runtime/flatline_poc.go:78.18,79.36 1 1
github.com/rhino-acoustic/NeuronFS/runtime/flatline_poc.go:80.10,81.11 1 1
github.com/rhino-acoustic/NeuronFS/runtime/flatline_poc.go:88.47,90.52 2 1
github.com/rhino-acoustic/NeuronFS/runtime/flatline_poc.go:90.52,92.3 1 1
github.com/rhino-acoustic/NeuronFS/runtime/flatline_poc.go:93.2,93.14 1 1
github.com/rhino-acoustic/NeuronFS/runtime/flatline_poc.go:100.18,102.26 2 0
github.com/rhino-acoustic/NeuronFS/runtime/flatline_poc.go:102.26,104.3 1 0
github.com/rhino-acoustic/NeuronFS/runtime/flatline_poc.go:105.2,105.34 1 0
github.com/rhino-acoustic/NeuronFS/runtime/flatline_poc.go:122.30,124.14 2 0
github.com/rhino-acoustic/NeuronFS/runtime/flatline_poc.go:124.14,126.3 1 0
github.com/rhino-acoustic/NeuronFS/runtime/flatline_poc.go:129.2,136.19 4 0
github.com/rhino-acoustic/NeuronFS/runtime/flatline_poc.go:136.19,141.3 4 0
github.com/rhino-acoustic/NeuronFS/runtime/flatline_poc.go:145.2,145.9 1 0
github.com/rhino-acoustic/NeuronFS/runtime/flatline_poc.go:145.9,146.16 1 0
github.com/rhino-acoustic/NeuronFS/runtime/flatline_poc.go:146.16,147.34 1 0
github.com/rhino-acoustic/NeuronFS/runtime/flatline_poc.go:147.34,153.5 4 0
github.com/rhino-acoustic/NeuronFS/runtime/flatline_poc.go:156.3,169.46 6 0
github.com/rhino-acoustic/NeuronFS/runtime/flatline_poc.go:172.2,172.12 1 0
github.com/rhino-acoustic/NeuronFS/runtime/flatline_poc.go:187.35,189.37 1 0
github.com/rhino-acoustic/NeuronFS/runtime/flatline_poc.go:189.37,194.34 4 0
github.com/rhino-acoustic/NeuronFS/runtime/flatline_poc.go:194.34,199.4 4 0
github.com/rhino-acoustic/NeuronFS/runtime/flatline_poc.go:200.3,200.36 1 0
github.com/rhino-acoustic/NeuronFS/runtime/flatline_poc.go:204.2,204.13 1 0
github.com/rhino-acoustic/NeuronFS/runtime/flatline_poc.go:225.39,229.34 2 0
github.com/rhino-acoustic/NeuronFS/runtime/flatline_poc.go:229.34,234.13 3 0
github.com/rhino-acoustic/NeuronFS/runtime/flatline_poc.go:234.13,236.4 1 0
github.com/rhino-acoustic/NeuronFS/runtime/flatline_poc.go:236.9,238.4 1 0
github.com/rhino-acoustic/NeuronFS/runtime/flatline_poc.go:239.3,239.28 1 0
github.com/rhino-acoustic/NeuronFS/runtime/flatline_poc.go:239.28,241.4 1 0
github.com/rhino-acoustic/NeuronFS/runtime/flatline_poc.go:243.3,244.37 2 0
github.com/rhino-acoustic/NeuronFS/runtime/flatline_poc.go:247.2,248.36 2 0
github.com/rhino-acoustic/NeuronFS/runtime/flatline_poc.go:255.67,272.2 14 0
github.com/rhino-acoustic/NeuronFS/runtime/flatline_poc.go:286.47,288.29 2 1
github.com/rhino-acoustic/NeuronFS/runtime/flatline_poc.go:288.29,299.48 2 1
github.com/rhino-acoustic/NeuronFS/runtime/flatline_poc.go:299.48,300.12 1 1
github.com/rhino-acoustic/NeuronFS/runtime/flatline_poc.go:303.3,304.15 2 1
github.com/rhino-acoustic/NeuronFS/runtime/flatline_poc.go:304.15,311.23 5 1
github.com/rhino-acoustic/NeuronFS/runtime/flatline_poc.go:311.23,313.5 1 1
github.com/rhino-acoustic/NeuronFS/runtime/flatline_poc.go:315.4,315.51 1 1
github.com/rhino-acoustic/NeuronFS/runtime/flatline_poc.go:318.2,318.38 1 1
github.com/rhino-acoustic/NeuronFS/runtime/flatline_poc.go:325.57,338.69 6 0
github.com/rhino-acoustic/NeuronFS/runtime/flatline_poc.go:338.69,342.3 3 0
github.com/rhino-acoustic/NeuronFS/runtime/init.go:18.73,22.30 4 0
github.com/rhino-acoustic/NeuronFS/runtime/init.go:22.30,24.3 1 0
github.com/rhino-acoustic/NeuronFS/runtime/init.go:28.47,31.2 2 0
github.com/rhino-acoustic/NeuronFS/runtime/init.go:34.29,35.41 1 0
github.com/rhino-acoustic/NeuronFS/runtime/init.go:35.41,38.3 2 0
github.com/rhino-acoustic/NeuronFS/runtime/init.go:40.2,176.16 109 0
github.com/rhino-acoustic/NeuronFS/runtime/init.go:176.16,178.3 1 0
github.com/rhino-acoustic/NeuronFS/runtime/init.go:179.2,237.75 44 0
github.com/rhino-acoustic/NeuronFS/runtime/init.go:237.75,238.34 1 0
github.com/rhino-acoustic/NeuronFS/runtime/init.go:238.34,240.4 1 0
github.com/rhino-acoustic/NeuronFS/runtime/init.go:241.3,242.21 2 0
github.com/rhino-acoustic/NeuronFS/runtime/init.go:242.21,244.4 1 0
github.com/rhino-acoustic/NeuronFS/runtime/init.go:245.3,245.13 1 0
github.com/rhino-acoustic/NeuronFS/runtime/init.go:248.2,250.54 3 0
github.com/rhino-acoustic/NeuronFS/runtime/main.go:132.13,137.21 3 0
github.com/rhino-acoustic/NeuronFS/runtime/main.go:137.21,141.3 3 0
github.com/rhino-acoustic/NeuronFS/runtime/main.go:143.2,149.30 7 0
github.com/rhino-acoustic/NeuronFS/runtime/main.go:149.30,150.14 1 0
github.com/rhino-acoustic/NeuronFS/runtime/main.go:151.17,154.68 2 0
github.com/rhino-acoustic/NeuronFS/runtime/main.go:154.68,156.154 2 0
github.com/rhino-acoustic/NeuronFS/runtime/main.go:156.154,159.6 2 0
github.com/rhino-acoustic/NeuronFS/runtime/main.go:161.19,162.19 1 0
github.com/rhino-acoustic/NeuronFS/runtime/main.go:163.18,164.18 1 0
github.com/rhino-acoustic/NeuronFS/runtime/main.go:165.17,166.17 1 0
github.com/rhino-acoustic/NeuronFS/runtime/main.go:167.22,168.22 1 0
github.com/rhino-acoustic/NeuronFS/runtime/main.go:169.17,170.17 1 0
github.com/rhino-acoustic/NeuronFS/runtime/main.go:171.17,172.17 1 0
github.com/rhino-acoustic/NeuronFS/runtime/main.go:173.17,174.17 1 0
github.com/rhino-acoustic/NeuronFS/runtime/main.go:175.19,176.19 1 0
github.com/rhino-acoustic/NeuronFS/runtime/main.go:177.18,178.18 1 0
github.com/rhino-acoustic/NeuronFS/runtime/main.go:179.16,180.16 1 0
github.com/rhino-acoustic/NeuronFS/runtime/main.go:181.16,182.16 1 0
github.com/rhino-acoustic/NeuronFS/runtime/main.go:183.21,184.21 1 0
github.com/rhino-acoustic/NeuronFS/runtime/main.go:185.19,186.19 1 0
github.com/rhino-acoustic/NeuronFS/runtime/main.go:187.21,188.21 1 0
github.com/rhino-acoustic/NeuronFS/runtime/main.go:189.25,190.25 1 0
github.com/rhino-acoustic/NeuronFS/runtime/main.go:191.18,192.18 1 0
github.com/rhino-acoustic/NeuronFS/runtime/main.go:193.19,194.19 1 0
github.com/rhino-acoustic/NeuronFS/runtime/main.go:195.20,197.68 1 0
github.com/rhino-acoustic/NeuronFS/runtime/main.go:197.68,199.5 1 0
github.com/rhino-acoustic/NeuronFS/runtime/main.go:200.23,201.23 1 0
github.com/rhino-acoustic/NeuronFS/runtime/main.go:202.22,203.22 1 0
github.com/rhino-acoustic/NeuronFS/runtime/main.go:204.21,205.21 1 0
github.com/rhino-acoustic/NeuronFS/runtime/main.go:206.20,207.20 1 0
github.com/rhino-acoustic/NeuronFS/runtime/main.go:208.20,209.17 1 0
github.com/rhino-acoustic/NeuronFS/runtime/main.go:210.24,211.20 1 0
github.com/rhino-acoustic/NeuronFS/runtime/main.go:212.22,213.25 1 0
github.com/rhino-acoustic/NeuronFS/runtime/main.go:219.2,226.14 3 0
github.com/rhino-acoustic/NeuronFS/runtime/main.go:227.14,230.35 2 0
github.com/rhino-acoustic/NeuronFS/runtime/main.go:230.35,231.37 1 0
github.com/rhino-acoustic/NeuronFS/runtime/main.go:231.37,233.10 2 0
github.com/rhino-acoustic/NeuronFS/runtime/main.go:236.3,236.21 1 0
github.com/rhino-acoustic/NeuronFS/runtime/main.go:236.21,238.4 1 0
github.com/rhino-acoustic/NeuronFS/runtime/main.go:239.3,240.17 2 0
github.com/rhino-acoustic/NeuronFS/runtime/main.go:241.14,244.27 3 0
github.com/rhino-acoustic/NeuronFS/runtime/main.go:245.14,248.31 3 0
github.com/rhino-acoustic/NeuronFS/runtime/main.go:249.21,251.49 2 0
github.com/rhino-acoustic/NeuronFS/runtime/main.go:252.16,254.27 2 0
github.com/rhino-acoustic/NeuronFS/runtime/main.go:255.15,257.22 2 0
github.com/rhino-acoustic/NeuronFS/runtime/main.go:258.14,261.46 3 0
github.com/rhino-acoustic/NeuronFS/runtime/main.go:262.19,263.34 1 0
github.com/rhino-acoustic/NeuronFS/runtime/main.go:264.14,266.23 2 0
github.com/rhino-acoustic/NeuronFS/runtime/main.go:266.23,270.4 3 0
github.com/rhino-acoustic/NeuronFS/runtime/main.go:271.3,271.36 1 0
github.com/rhino-acoustic/NeuronFS/runtime/main.go:272.14,274.23 2 0
github.com/rhino-acoustic/NeuronFS/runtime/main.go:274.23,277.4 2 0
github.com/rhino-acoustic/NeuronFS/runtime/main.go:278.3,278.36 1 0
github.com/rhino-acoustic/NeuronFS/runtime/main.go:279.16,283.31 3 0
github.com/rhino-acoustic/NeuronFS/runtime/main.go:283.31,284.47 1 0
github.com/rhino-acoustic/NeuronFS/runtime/main.go:284.47,286.10 2 0
github.com/rhino-acoustic/NeuronFS/runtime/main.go:290.3,291.40 2 0
github.com/rhino-acoustic/NeuronFS/runtime/main.go:291.40,294.4 2 0
github.com/rhino-acoustic/NeuronFS/runtime/main.go:295.3,295.47 1 0
github.com/rhino-acoustic/NeuronFS/runtime/main.go:296.15,299.31 2 0
github.com/rhino-acoustic/NeuronFS/runtime/main.go:299.31,300.88 1 0
github.com/rhino-acoustic/NeuronFS/runtime/main.go:300.88,302.10 2 0
github.com/rhino-acoustic/NeuronFS/runtime/main.go:305.3,306.30 2 0
github.com/rhino-acoustic/NeuronFS/runtime/main.go:306.30,309.4 2 0
github.com/rhino-acoustic/NeuronFS/runtime/main.go:310.3,310.28 1 0
github.com/rhino-acoustic/NeuronFS/runtime/main.go:311.13,312.28 1 0
github.com/rhino-acoustic/NeuronFS/runtime/main.go:313.18,314.25 1 0
github.com/rhino-acoustic/NeuronFS/runtime/main.go:315.18,317.23 2 0
github.com/rhino-acoustic/NeuronFS/runtime/main.go:317.23,320.4 2 0
github.com/rhino-acoustic/NeuronFS/runtime/main.go:321.3,321.63 1 0
github.com/rhino-acoustic/NeuronFS/runtime/main.go:321.63,324.4 2 0
github.com/rhino-acoustic/NeuronFS/runtime/main.go:325.3,326.93 2 0
github.com/rhino-acoustic/NeuronFS/runtime/main.go:327.22,329.48 2 0
github.com/rhino-acoustic/NeuronFS/runtime/main.go:329.48,332.4 2 0
github.com/rhino-acoustic/NeuronFS/runtime/main.go:333.3,334.90 2 0
github.com/rhino-acoustic/NeuronFS/runtime/main.go:335.15,336.22 1 0
github.com/rhino-acoustic/NeuronFS/runtime/main.go:337.16,338.23 1 0
github.com/rhino-acoustic/NeuronFS/runtime/main.go:339.16,340.31 1 0
github.com/rhino-acoustic/NeuronFS/runtime/main.go:341.13,350.13 3 0
github.com/rhino-acoustic/NeuronFS/runtime/main.go:350.13,354.4 3 0
github.com/rhino-acoustic/NeuronFS/runtime/main.go:355.3,357.50 3 0
github.com/rhino-acoustic/NeuronFS/runtime/main.go:358.20,359.27 1 0
github.com/rhino-acoustic/NeuronFS/runtime/main.go:360.19,361.34 1 0
github.com/rhino-acoustic/NeuronFS/runtime/main.go:362.18,363.33 1 0
github.com/rhino-acoustic/NeuronFS/runtime/main.go:364.17,366.31 2 0
github.com/rhino-acoustic/NeuronFS/runtime/main.go:366.31,367.48 1 0
github.com/rhino-acoustic/NeuronFS/runtime/main.go:367.48,369.10 2 0
github.com/rhino-acoustic/NeuronFS/runtime/main.go:372.3,372.22 1 0
github.com/rhino-acoustic/NeuronFS/runtime/main.go:372.22,375.4 2 0
github.com/rhino-acoustic/NeuronFS/runtime/main.go:377.3,382.17 5 0
github.com/rhino-acoustic/NeuronFS/runtime/main.go:382.17,384.17 2 0
github.com/rhino-acoustic/NeuronFS/runtime/main.go:384.17,386.5 1 0
github.com/rhino-acoustic/NeuronFS/runtime/main.go:386.10,388.5 1 0
github.com/rhino-acoustic/NeuronFS/runtime/main.go:389.9,391.4 1 0
github.com/rhino-acoustic/NeuronFS/runtime/main.go:396.29,398.34 1 0
github.com/rhino-acoustic/NeuronFS/runtime/main.go:398.34,399.36 1 0
github.com/rhino-acoustic/NeuronFS/runtime/main.go:399.36,401.18 2 0
github.com/rhino-acoustic/NeuronFS/runtime/main.go:401.18,402.62 1 0
github.com/rhino-acoustic/NeuronFS/runtime/main.go:402.62,404.6 1 0
github.com/rhino-acoustic/NeuronFS/runtime/main.go:409.2,414.16 3 0
github.com/rhino-acoustic/NeuronFS/runtime/main.go:414.16,419.3 1 0
github.com/rhino-acoustic/NeuronFS/runtime/main.go:420.2,420.31 1 0
github.com/rhino-acoustic/NeuronFS/runtime/main.go:420.31,422.60 2 0
github.com/rhino-acoustic/NeuronFS/runtime/main.go:422.60,424.4 1 0
github.com/rhino-acoustic/NeuronFS/runtime/main.go:426.2,426.11 1 0
github.com/rhino-acoustic/NeuronFS/runtime/main.go:432.35,437.16 4 1
github.com/rhino-acoustic/NeuronFS/runtime/main.go:437.16,438.33 1 1
github.com/rhino-acoustic/NeuronFS/runtime/main.go:438.33,439.21 1 1
github.com/rhino-acoustic/NeuronFS/runtime/main.go:439.21,441.42 2 1
github.com/rhino-acoustic/NeuronFS/runtime/main.go:441.42,443.6 1 1
github.com/rhino-acoustic/NeuronFS/runtime/main.go:448.2,449.47 2 1
github.com/rhino-acoustic/NeuronFS/runtime/main.go:449.47,454.3 4 0
github.com/rhino-acoustic/NeuronFS/runtime/main.go:456.2,456.46 1 1
github.com/rhino-acoustic/NeuronFS/runtime/main.go:456.46,467.32 4 1
github.com/rhino-acoustic/NeuronFS/runtime/main.go:467.32,472.4 4 1
github.com/rhino-acoustic/NeuronFS/runtime/main.go:476.3,480.38 5 1
github.com/rhino-acoustic/NeuronFS/runtime/main.go:480.38,485.64 4 1
github.com/rhino-acoustic/NeuronFS/runtime/main.go:485.64,488.5 2 1
github.com/rhino-acoustic/NeuronFS/runtime/main.go:488.10,488.72 1 1
github.com/rhino-acoustic/NeuronFS/runtime/main.go:488.72,490.117 2 1
github.com/rhino-acoustic/NeuronFS/runtime/main.go:490.117,491.14 1 1
github.com/rhino-acoustic/NeuronFS/runtime/main.go:493.10,494.13 1 0
github.com/rhino-acoustic/NeuronFS/runtime/main.go:497.4,497.49 1 1
github.com/rhino-acoustic/NeuronFS/runtime/main.go:497.49,498.35 1 0
github.com/rhino-acoustic/NeuronFS/runtime/main.go:498.35,500.6 1 0
github.com/rhino-acoustic/NeuronFS/runtime/main.go:501.10,509.49 2 1
github.com/rhino-acoustic/NeuronFS/runtime/main.go:509.49,511.6 1 1
github.com/rhino-acoustic/NeuronFS/runtime/main.go:511.11,513.6 1 0
github.com/rhino-acoustic/NeuronFS/runtime/main.go:514.5,514.31 1 1
github.com/rhino-acoustic/NeuronFS/runtime/main.go:514.31,517.6 2 0
github.com/rhino-acoustic/NeuronFS/runtime/main.go:517.11,517.49 1 1
github.com/rhino-acoustic/NeuronFS/runtime/main.go:517.49,519.6 1 0
github.com/rhino-acoustic/NeuronFS/runtime/main.go:520.5,520.30 1 1
github.com/rhino-acoustic/NeuronFS/runtime/main.go:525.3,525.82 1 1
github.com/rhino-acoustic/NeuronFS/runtime/main.go:525.82,526.57 1 1
github.com/rhino-acoustic/NeuronFS/runtime/main.go:526.57,528.5 1 1
github.com/rhino-acoustic/NeuronFS/runtime/main.go:530.4,531.76 2 1
github.com/rhino-acoustic/NeuronFS/runtime/main.go:531.76,532.31 1 0
github.com/rhino-acoustic/NeuronFS/runtime/main.go:532.31,534.6 1 0
github.com/rhino-acoustic/NeuronFS/runtime/main.go:535.5,535.28 1 0
github.com/rhino-acoustic/NeuronFS/runtime/main.go:538.4,542.15 4 1
github.com/rhino-acoustic/NeuronFS/runtime/main.go:542.15,551.5 2 1
github.com/rhino-acoustic/NeuronFS/runtime/main.go:551.10,554.40 3 0
github.com/rhino-acoustic/NeuronFS/runtime/main.go:554.40,556.6 1 0
github.com/rhino-acoustic/NeuronFS/runtime/main.go:559.4,564.35 5 1
github.com/rhino-acoustic/NeuronFS/runtime/main.go:564.35,566.47 2 1
github.com/rhino-acoustic/NeuronFS/runtime/main.go:566.47,567.43 1 1
github.com/rhino-acoustic/NeuronFS/runtime/main.go:567.43,569.7 1 1
github.com/rhino-acoustic/NeuronFS/runtime/main.go:572.5,572.62 1 1
github.com/rhino-acoustic/NeuronFS/runtime/main.go:572.62,574.25 2 1
github.com/rhino-acoustic/NeuronFS/runtime/main.go:574.25,576.7 1 1
github.com/rhino-acoustic/NeuronFS/runtime/main.go:579.5,579.63 1 1
github.com/rhino-acoustic/NeuronFS/runtime/main.go:579.63,582.6 2 0
github.com/rhino-acoustic/NeuronFS/runtime/main.go:584.5,584.74 1 1
github.com/rhino-acoustic/NeuronFS/runtime/main.go:584.74,586.70 2 0
github.com/rhino-acoustic/NeuronFS/runtime/main.go:586.70,588.7 1 0
github.com/rhino-acoustic/NeuronFS/runtime/main.go:591.5,591.31 1 1
github.com/rhino-acoustic/NeuronFS/runtime/main.go:591.31,594.6 2 1
github.com/rhino-acoustic/NeuronFS/runtime/main.go:595.5,595.43 1 1
github.com/rhino-acoustic/NeuronFS/runtime/main.go:595.43,597.6 1 1
github.com/rhino-acoustic/NeuronFS/runtime/main.go:600.4,600.26 1 1
github.com/rhino-acoustic/NeuronFS/runtime/main.go:600.26,602.82 2 1
github.com/rhino-acoustic/NeuronFS/runtime/main.go:602.82,604.6 1 1
github.com/rhino-acoustic/NeuronFS/runtime/main.go:607.4,608.30 2 1
github.com/rhino-acoustic/NeuronFS/runtime/main.go:608.30,609.86 1 1
github.com/rhino-acoustic/NeuronFS/runtime/main.go:609.86,611.6 1 1
github.com/rhino-acoustic/NeuronFS/runtime/main.go:614.4,615.29 2 1
github.com/rhino-acoustic/NeuronFS/runtime/main.go:615.29,617.5 1 1
github.com/rhino-acoustic/NeuronFS/runtime/main.go:619.4,619.14 1 1
github.com/rhino-acoustic/NeuronFS/runtime/main.go:623.3,624.31 2 1
github.com/rhino-acoustic/NeuronFS/runtime/main.go:624.31,626.4 1 1
github.com/rhino-acoustic/NeuronFS/runtime/main.go:627.3,629.30 2 1
github.com/rhino-acoustic/NeuronFS/runtime/main.go:629.30,633.24 4 1
github.com/rhino-acoustic/NeuronFS/runtime/main.go:633.24,635.5 1 1
github.com/rhino-acoustic/NeuronFS/runtime/main.go:635.10,637.5 1 1
github.com/rhino-acoustic/NeuronFS/runtime/main.go:638.4,638.47 1 1
github.com/rhino-acoustic/NeuronFS/runtime/main.go:641.3,641.48 1 1
github.com/rhino-acoustic/NeuronFS/runtime/main.go:645.2,645.48 1 1
github.com/rhino-acoustic/NeuronFS/runtime/main.go:645.48,647.3 1 1
github.com/rhino-acoustic/NeuronFS/runtime/main.go:649.2,649.14 1 1
github.com/rhino-acoustic/NeuronFS/runtime/main.go:655.52,659.39 3 1
github.com/rhino-acoustic/NeuronFS/runtime/main.go:659.39,661.36 2 1
github.com/rhino-acoustic/NeuronFS/runtime/main.go:661.36,662.20 1 1
github.com/rhino-acoustic/NeuronFS/runtime/main.go:662.20,665.5 2 1
github.com/rhino-acoustic/NeuronFS/runtime/main.go:667.3,669.14 2 1
github.com/rhino-acoustic/NeuronFS/runtime/main.go:669.14,671.12 2 1
github.com/rhino-acoustic/NeuronFS/runtime/main.go:674.3,674.21 1 1
github.com/rhino-acoustic/NeuronFS/runtime/main.go:674.21,682.12 5 1
github.com/rhino-acoustic/NeuronFS/runtime/main.go:685.3,686.39 2 1
github.com/rhino-acoustic/NeuronFS/runtime/main.go:689.2,689.15 1 1
github.com/rhino-acoustic/NeuronFS/runtime/main.go:695.49,698.41 2 1
github.com/rhino-acoustic/NeuronFS/runtime/main.go:698.41,699.19 1 1
github.com/rhino-acoustic/NeuronFS/runtime/main.go:699.19,701.9 2 1
github.com/rhino-acoustic/NeuronFS/runtime/main.go:704.2,704.21 1 1
github.com/rhino-acoustic/NeuronFS/runtime/main.go:704.21,706.17 2 0
github.com/rhino-acoustic/NeuronFS/runtime/main.go:706.17,708.4 1 0
github.com/rhino-acoustic/NeuronFS/runtime/main.go:708.9,710.4 1 0
github.com/rhino-acoustic/NeuronFS/runtime/main.go:712.2,712.41 1 1
github.com/rhino-acoustic/NeuronFS/runtime/main.go:716.40,717.19 1 1
github.com/rhino-acoustic/NeuronFS/runtime/main.go:717.19,719.3 1 1
github.com/rhino-acoustic/NeuronFS/runtime/main.go:719.8,719.26 1 1
github.com/rhino-acoustic/NeuronFS/runtime/main.go:719.26,721.3 1 1
github.com/rhino-acoustic/NeuronFS/runtime/main.go:721.8,721.26 1 1
github.com/rhino-acoustic/NeuronFS/runtime/main.go:721.26,723.3 1 1
github.com/rhino-acoustic/NeuronFS/runtime/main.go:723.8,723.26 1 1
github.com/rhino-acoustic/NeuronFS/runtime/main.go:723.26,725.3 1 1
github.com/rhino-acoustic/NeuronFS/runtime/main.go:725.8,725.25 1 1
github.com/rhino-acoustic/NeuronFS/runtime/main.go:725.25,727.3 1 1
github.com/rhino-acoustic/NeuronFS/runtime/main.go:728.2,728.26 1 1
github.com/rhino-acoustic/NeuronFS/runtime/main.go:734.53,739.25 3 0
github.com/rhino-acoustic/NeuronFS/runtime/main.go:739.25,741.48 2 0
github.com/rhino-acoustic/NeuronFS/runtime/main.go:741.48,744.9 3 0
github.com/rhino-acoustic/NeuronFS/runtime/main.go:746.3,746.26 1 0
github.com/rhino-acoustic/NeuronFS/runtime/main.go:750.2,751.16 2 0
github.com/rhino-acoustic/NeuronFS/runtime/main.go:751.16,757.3 5 0
github.com/rhino-acoustic/NeuronFS/runtime/main.go:759.2,759.15 1 0
github.com/rhino-acoustic/NeuronFS/runtime/main.go:759.15,762.3 2 0
github.com/rhino-acoustic/NeuronFS/runtime/main.go:766.48,768.16 2 0
github.com/rhino-acoustic/NeuronFS/runtime/main.go:768.16,771.3 2 0
github.com/rhino-acoustic/NeuronFS/runtime/main.go:773.2,780.34 6 0
github.com/rhino-acoustic/NeuronFS/runtime/main.go:780.34,783.3 2 0
github.com/rhino-acoustic/NeuronFS/runtime/main.go:783.8,785.3 1 0
github.com/rhino-acoustic/NeuronFS/runtime/main.go:787.2,788.16 2 0
github.com/rhino-acoustic/NeuronFS/runtime/main.go:788.16,791.3 2 0
github.com/rhino-acoustic/NeuronFS/runtime/main.go:794.2,796.53 3 0
github.com/rhino-acoustic/NeuronFS/runtime/main.go:815.33,817.16 2 0
github.com/rhino-acoustic/NeuronFS/runtime/main.go:817.16,820.3 2 0
github.com/rhino-acoustic/NeuronFS/runtime/main.go:821.2,825.41 3 0
github.com/rhino-acoustic/NeuronFS/runtime/main.go:825.41,827.67 2 0
github.com/rhino-acoustic/NeuronFS/runtime/main.go:827.67,828.83 1 0
github.com/rhino-acoustic/NeuronFS/runtime/main.go:828.83,829.36 1 0
github.com/rhino-acoustic/NeuronFS/runtime/main.go:829.36,831.6 1 0
github.com/rhino-acoustic/NeuronFS/runtime/main.go:832.5,833.71 2 0
github.com/rhino-acoustic/NeuronFS/runtime/main.go:833.71,835.6 1 0
github.com/rhino-acoustic/NeuronFS/runtime/main.go:836.5,836.47 1 0
github.com/rhino-acoustic/NeuronFS/runtime/main.go:836.47,838.6 1 0
github.com/rhino-acoustic/NeuronFS/runtime/main.go:839.5,839.15 1 0
github.com/rhino-acoustic/NeuronFS/runtime/main.go:844.2,845.65 2 0
github.com/rhino-acoustic/NeuronFS/runtime/main.go:845.65,848.3 2 0
github.com/rhino-acoustic/NeuronFS/runtime/main.go:850.2,864.26 10 0
github.com/rhino-acoustic/NeuronFS/runtime/main.go:864.26,870.23 5 0
github.com/rhino-acoustic/NeuronFS/runtime/main.go:870.23,875.31 5 0
github.com/rhino-acoustic/NeuronFS/runtime/main.go:875.31,878.5 1 0
github.com/rhino-acoustic/NeuronFS/runtime/main.go:878.10,882.5 1 0
github.com/rhino-acoustic/NeuronFS/runtime/main.go:886.2,886.6 1 0
github.com/rhino-acoustic/NeuronFS/runtime/main.go:886.6,887.10 1 0
github.com/rhino-acoustic/NeuronFS/runtime/main.go:888.38,889.11 1 0
github.com/rhino-acoustic/NeuronFS/runtime/main.go:889.11,891.5 1 0
github.com/rhino-acoustic/NeuronFS/runtime/main.go:893.4,895.54 3 0
github.com/rhino-acoustic/NeuronFS/runtime/main.go:895.54,897.5 1 0
github.com/rhino-acoustic/NeuronFS/runtime/main.go:897.10,897.44 1 0
github.com/rhino-acoustic/NeuronFS/runtime/main.go:897.44,899.5 1 0
github.com/rhino-acoustic/NeuronFS/runtime/main.go:902.4,902.37 1 0
github.com/rhino-acoustic/NeuronFS/runtime/main.go:902.37,903.69 1 0
github.com/rhino-acoustic/NeuronFS/runtime/main.go:903.69,905.6 1 0
github.com/rhino-acoustic/NeuronFS/runtime/main.go:909.4,910.28 2 0
github.com/rhino-acoustic/NeuronFS/runtime/main.go:910.28,912.5 1 0
github.com/rhino-acoustic/NeuronFS/runtime/main.go:913.4,914.23 2 0
github.com/rhino-acoustic/NeuronFS/runtime/main.go:916.36,917.11 1 0
github.com/rhino-acoustic/NeuronFS/runtime/main.go:917.11,919.5 1 0
github.com/rhino-acoustic/NeuronFS/runtime/main.go:920.4,920.75 1 0
github.com/rhino-acoustic/NeuronFS/runtime/main.go:928.55,933.39 4 1
github.com/rhino-acoustic/NeuronFS/runtime/main.go:933.39,937.21 4 1
github.com/rhino-acoustic/NeuronFS/runtime/main.go:937.21,939.4 1 1
github.com/rhino-acoustic/NeuronFS/runtime/main.go:941.3,942.36 2 1
github.com/rhino-acoustic/NeuronFS/runtime/main.go:942.36,944.4 1 1
github.com/rhino-acoustic/NeuronFS/runtime/main.go:946.3,947.86 1 1
github.com/rhino-acoustic/NeuronFS/runtime/main.go:950.2,951.29 2 1
github.com/rhino-acoustic/NeuronFS/runtime/main.go:951.29,953.3 1 1
github.com/rhino-acoustic/NeuronFS/runtime/main.go:954.2,955.41 2 1
github.com/rhino-acoustic/NeuronFS/runtime/main.go:955.41,957.3 1 1
github.com/rhino-acoustic/NeuronFS/runtime/main.go:958.2,958.36 1 1
github.com/rhino-acoustic/NeuronFS/runtime/main.go:958.36,960.43 2 1
github.com/rhino-acoustic/NeuronFS/runtime/main.go:960.43,962.4 1 1
github.com/rhino-acoustic/NeuronFS/runtime/main.go:966.2,970.16 5 1
github.com/rhino-acoustic/NeuronFS/runtime/main.go:970.16,972.29 2 1
github.com/rhino-acoustic/NeuronFS/runtime/main.go:972.29,974.20 2 1
github.com/rhino-acoustic/NeuronFS/runtime/main.go:974.20,976.5 1 0
github.com/rhino-acoustic/NeuronFS/runtime/main.go:980.2,982.26 3 1
github.com/rhino-acoustic/NeuronFS/runtime/main.go:982.26,982.54 1 1
github.com/rhino-acoustic/NeuronFS/runtime/main.go:983.2,983.25 1 1
github.com/rhino-acoustic/NeuronFS/runtime/main.go:983.25,985.3 1 0
github.com/rhino-acoustic/NeuronFS/runtime/main.go:986.2,986.26 1 1
github.com/rhino-acoustic/NeuronFS/runtime/main.go:986.26,988.3 1 0
github.com/rhino-acoustic/NeuronFS/runtime/main.go:990.2,992.29 2 1
github.com/rhino-acoustic/NeuronFS/runtime/main.go:992.29,994.3 1 1
github.com/rhino-acoustic/NeuronFS/runtime/main.go:994.8,996.3 1 1
github.com/rhino-acoustic/NeuronFS/runtime/main.go:1002.77,1047.41 6 1
github.com/rhino-acoustic/NeuronFS/runtime/main.go:1047.41,1055.31 2 1
github.com/rhino-acoustic/NeuronFS/runtime/main.go:1055.31,1061.4 1 1
github.com/rhino-acoustic/NeuronFS/runtime/main.go:1062.3,1064.32 2 1
github.com/rhino-acoustic/NeuronFS/runtime/main.go:1064.32,1066.41 2 1
github.com/rhino-acoustic/NeuronFS/runtime/main.go:1066.41,1068.5 1 0
github.com/rhino-acoustic/NeuronFS/runtime/main.go:1069.4,1069.71 1 1
github.com/rhino-acoustic/NeuronFS/runtime/main.go:1073.2,1074.16 2 1
github.com/rhino-acoustic/NeuronFS/runtime/main.go:1074.16,1077.3 2 0
github.com/rhino-acoustic/NeuronFS/runtime/main.go:1079.2,1081.59 3 1
github.com/rhino-acoustic/NeuronFS/runtime/main.go:1081.59,1084.3 2 0
github.com/rhino-acoustic/NeuronFS/runtime/main.go:1092.34,1095.34 3 0
github.com/rhino-acoustic/NeuronFS/runtime/main.go:1095.34,1096.15 1 0
github.com/rhino-acoustic/NeuronFS/runtime/main.go:1096.15,1098.12 2 0
github.com/rhino-acoustic/NeuronFS/runtime/main.go:1101.3,1101.44 1 0
github.com/rhino-acoustic/NeuronFS/runtime/main.go:1101.44,1103.12 2 0
github.com/rhino-acoustic/NeuronFS/runtime/main.go:1105.3,1105.35 1 0
github.com/rhino-acoustic/NeuronFS/runtime/main.go:1105.35,1106.12 1 0
github.com/rhino-acoustic/NeuronFS/runtime/main.go:1108.3,1108.15 1 0
github.com/rhino-acoustic/NeuronFS/runtime/main.go:1108.15,1110.4 1 0
github.com/rhino-acoustic/NeuronFS/runtime/main.go:1111.3,1111.8 1 0
github.com/rhino-acoustic/NeuronFS/runtime/main.go:1113.2,1113.11 1 0
github.com/rhino-acoustic/NeuronFS/runtime/main.go:1122.37,1127.26 4 1
github.com/rhino-acoustic/NeuronFS/runtime/main.go:1127.26,1129.14 2 1
github.com/rhino-acoustic/NeuronFS/runtime/main.go:1129.14,1130.12 1 0
github.com/rhino-acoustic/NeuronFS/runtime/main.go:1133.3,1134.29 2 1
github.com/rhino-acoustic/NeuronFS/runtime/main.go:1136.2,1136.15 1 1
github.com/rhino-acoustic/NeuronFS/runtime/main.go:1141.31,1144.29 2 1
github.com/rhino-acoustic/NeuronFS/runtime/main.go:1144.29,1145.57 1 1
github.com/rhino-acoustic/NeuronFS/runtime/main.go:1145.57,1147.4 1 1
github.com/rhino-acoustic/NeuronFS/runtime/main.go:1150.2,1150.86 1 1
github.com/rhino-acoustic/NeuronFS/runtime/main.go:1150.86,1152.3 1 1
github.com/rhino-acoustic/NeuronFS/runtime/main.go:1153.2,1153.13 1 1
github.com/rhino-acoustic/NeuronFS/runtime/main.go:1157.47,1158.32 1 1
github.com/rhino-acoustic/NeuronFS/runtime/main.go:1158.32,1160.3 1 1
github.com/rhino-acoustic/NeuronFS/runtime/main.go:1161.2,1162.22 2 1
github.com/rhino-acoustic/NeuronFS/runtime/main.go:1162.22,1164.3 1 1
github.com/rhino-acoustic/NeuronFS/runtime/main.go:1165.2,1166.22 2 1
github.com/rhino-acoustic/NeuronFS/runtime/main.go:1166.22,1168.3 1 1
github.com/rhino-acoustic/NeuronFS/runtime/main.go:1169.2,1170.22 2 1
github.com/rhino-acoustic/NeuronFS/runtime/main.go:1170.22,1171.14 1 1
github.com/rhino-acoustic/NeuronFS/runtime/main.go:1171.14,1173.4 1 1
github.com/rhino-acoustic/NeuronFS/runtime/main.go:1175.2,1176.22 2 1
github.com/rhino-acoustic/NeuronFS/runtime/main.go:1176.22,1177.15 1 1
github.com/rhino-acoustic/NeuronFS/runtime/main.go:1177.15,1179.4 1 1
github.com/rhino-acoustic/NeuronFS/runtime/main.go:1181.2,1181.16 1 1
github.com/rhino-acoustic/NeuronFS/runtime/main.go:1181.16,1183.3 1 0
github.com/rhino-acoustic/NeuronFS/runtime/main.go:1184.2,1184.47 1 1
github.com/rhino-acoustic/NeuronFS/runtime/main.go:1191.60,1199.42 5 1
github.com/rhino-acoustic/NeuronFS/runtime/main.go:1199.42,1203.3 3 1
github.com/rhino-acoustic/NeuronFS/runtime/main.go:1206.2,1206.64 1 1
github.com/rhino-acoustic/NeuronFS/runtime/main.go:1206.64,1209.3 2 1
github.com/rhino-acoustic/NeuronFS/runtime/main.go:1213.2,1215.24 3 1
github.com/rhino-acoustic/NeuronFS/runtime/main.go:1215.24,1221.82 4 1
github.com/rhino-acoustic/NeuronFS/runtime/main.go:1221.82,1222.57 1 1
github.com/rhino-acoustic/NeuronFS/runtime/main.go:1222.57,1224.5 1 1
github.com/rhino-acoustic/NeuronFS/runtime/main.go:1226.4,1227.29 2 1
github.com/rhino-acoustic/NeuronFS/runtime/main.go:1227.29,1229.5 1 1
github.com/rhino-acoustic/NeuronFS/runtime/main.go:1230.4,1233.28 4 1
github.com/rhino-acoustic/NeuronFS/runtime/main.go:1233.28,1237.5 3 1
github.com/rhino-acoustic/NeuronFS/runtime/main.go:1238.4,1238.14 1 1
github.com/rhino-acoustic/NeuronFS/runtime/main.go:1241.3,1241.47 1 1
github.com/rhino-acoustic/NeuronFS/runtime/main.go:1241.47,1247.4 4 1
github.com/rhino-acoustic/NeuronFS/runtime/main.go:1251.2,1251.52 1 1
github.com/rhino-acoustic/NeuronFS/runtime/main.go:1251.52,1254.3 2 0
github.com/rhino-acoustic/NeuronFS/runtime/main.go:1257.2,1258.65 2 1
github.com/rhino-acoustic/NeuronFS/runtime/main.go:1258.65,1261.3 2 0
github.com/rhino-acoustic/NeuronFS/runtime/main.go:1263.2,1270.12 4 1
github.com/rhino-acoustic/NeuronFS/runtime/main.go:1275.54,1279.53 3 1
github.com/rhino-acoustic/NeuronFS/runtime/main.go:1279.53,1283.3 3 0
github.com/rhino-acoustic/NeuronFS/runtime/main.go:1286.2,1289.28 4 1
github.com/rhino-acoustic/NeuronFS/runtime/main.go:1289.28,1290.63 1 1
[...]
github.com/rhino-acoustic/NeuronFS/runtime/neuronize.go:451.22,453.27 2 0
github.com/rhino-acoustic/NeuronFS/runtime/neuronize.go:453.27,455.6 1 0
github.com/rhino-acoustic/NeuronFS/runtime/neuronize.go:457.4,463.6 1 0
github.com/rhino-acoustic/NeuronFS/runtime/neuronize.go:468.2,472.27 4 0
github.com/rhino-acoustic/NeuronFS/runtime/neuronize.go:472.27,476.24 2 0
github.com/rhino-acoustic/NeuronFS/runtime/neuronize.go:476.24,478.4 1 0
github.com/rhino-acoustic/NeuronFS/runtime/neuronize.go:479.3,479.16 1 0
github.com/rhino-acoustic/NeuronFS/runtime/neuronize.go:482.2,482.12 1 0
github.com/rhino-acoustic/NeuronFS/runtime/neuronize.go:482.12,486.3 3 0
github.com/rhino-acoustic/NeuronFS/runtime/neuronize.go:489.2,490.27 2 0
github.com/rhino-acoustic/NeuronFS/runtime/neuronize.go:490.27,492.21 2 0
github.com/rhino-acoustic/NeuronFS/runtime/neuronize.go:492.21,493.12 1 0
github.com/rhino-acoustic/NeuronFS/runtime/neuronize.go:496.3,497.19 2 0
github.com/rhino-acoustic/NeuronFS/runtime/neuronize.go:497.19,499.4 1 0
github.com/rhino-acoustic/NeuronFS/runtime/neuronize.go:500.3,501.21 2 0
github.com/rhino-acoustic/NeuronFS/runtime/neuronize.go:501.21,503.4 1 0
github.com/rhino-acoustic/NeuronFS/runtime/neuronize.go:505.3,509.46 3 0
github.com/rhino-acoustic/NeuronFS/runtime/neuronize.go:509.46,511.12 2 0
github.com/rhino-acoustic/NeuronFS/runtime/neuronize.go:515.3,515.56 1 0
github.com/rhino-acoustic/NeuronFS/runtime/neuronize.go:515.56,517.12 2 0
github.com/rhino-acoustic/NeuronFS/runtime/neuronize.go:521.3,521.24 1 0
github.com/rhino-acoustic/NeuronFS/runtime/neuronize.go:521.24,526.4 3 0
github.com/rhino-acoustic/NeuronFS/runtime/neuronize.go:529.3,533.13 4 0
github.com/rhino-acoustic/NeuronFS/runtime/neuronize.go:536.2,539.18 3 0
github.com/rhino-acoustic/NeuronFS/runtime/neuronize.go:539.18,541.3 1 0
github.com/rhino-acoustic/NeuronFS/runtime/neuronize.go:546.66,548.16 2 0
github.com/rhino-acoustic/NeuronFS/runtime/neuronize.go:548.16,550.3 1 0
github.com/rhino-acoustic/NeuronFS/runtime/neuronize.go:552.2,554.16 2 0
github.com/rhino-acoustic/NeuronFS/runtime/neuronize.go:554.16,556.3 1 0
github.com/rhino-acoustic/NeuronFS/runtime/neuronize.go:557.2,562.16 5 0
github.com/rhino-acoustic/NeuronFS/runtime/neuronize.go:562.16,564.3 1 0
github.com/rhino-acoustic/NeuronFS/runtime/neuronize.go:565.2,568.49 3 0
github.com/rhino-acoustic/NeuronFS/runtime/neuronize.go:568.49,570.3 1 0
github.com/rhino-acoustic/NeuronFS/runtime/neuronize.go:571.2,572.6 2 0
github.com/rhino-acoustic/NeuronFS/runtime/neuronize.go:572.6,574.12 2 0
github.com/rhino-acoustic/NeuronFS/runtime/neuronize.go:574.12,576.4 1 0
github.com/rhino-acoustic/NeuronFS/runtime/neuronize.go:577.3,577.21 1 0
github.com/rhino-acoustic/NeuronFS/runtime/neuronize.go:577.21,578.9 1 0
github.com/rhino-acoustic/NeuronFS/runtime/neuronize.go:582.2,582.28 1 0
github.com/rhino-acoustic/NeuronFS/runtime/neuronize.go:582.28,584.3 1 0
github.com/rhino-acoustic/NeuronFS/runtime/neuronize.go:586.2,587.73 2 0
github.com/rhino-acoustic/NeuronFS/runtime/neuronize.go:587.73,589.3 1 0
github.com/rhino-acoustic/NeuronFS/runtime/neuronize.go:591.2,591.27 1 0
github.com/rhino-acoustic/NeuronFS/runtime/neuronize.go:591.27,593.3 1 0
github.com/rhino-acoustic/NeuronFS/runtime/neuronize.go:595.2,595.32 1 0
github.com/rhino-acoustic/NeuronFS/runtime/neuronize.go:595.32,597.3 1 0
github.com/rhino-acoustic/NeuronFS/runtime/neuronize.go:599.2,599.68 1 0
github.com/rhino-acoustic/NeuronFS/runtime/neuronize.go:604.44,618.48 3 0
github.com/rhino-acoustic/NeuronFS/runtime/neuronize.go:618.48,619.38 1 0
github.com/rhino-acoustic/NeuronFS/runtime/neuronize.go:619.38,622.4 2 0
github.com/rhino-acoustic/NeuronFS/runtime/neuronize.go:625.2,625.21 1 0
github.com/rhino-acoustic/NeuronFS/runtime/neuronize.go:630.45,633.39 3 0
github.com/rhino-acoustic/NeuronFS/runtime/neuronize.go:633.39,638.33 1 0
github.com/rhino-acoustic/NeuronFS/runtime/neuronize.go:638.33,640.4 1 0
github.com/rhino-acoustic/NeuronFS/runtime/neuronize.go:641.3,641.13 1 0
github.com/rhino-acoustic/NeuronFS/runtime/neuronize.go:645.2,645.35 1 0
github.com/rhino-acoustic/NeuronFS/runtime/neuronize.go:645.35,647.3 1 0
github.com/rhino-acoustic/NeuronFS/runtime/neuronize.go:648.2,650.20 2 0
github.com/rhino-acoustic/NeuronFS/runtime/neuronize.go:650.20,652.3 1 0
github.com/rhino-acoustic/NeuronFS/runtime/neuronize.go:653.2,653.13 1 0
github.com/rhino-acoustic/NeuronFS/runtime/neuronize.go:658.60,659.54 1 0
github.com/rhino-acoustic/NeuronFS/runtime/neuronize.go:659.54,660.25 1 0
github.com/rhino-acoustic/NeuronFS/runtime/neuronize.go:660.25,663.4 2 0
github.com/rhino-acoustic/NeuronFS/runtime/neuronize.go:665.3,671.19 4 0
github.com/rhino-acoustic/NeuronFS/runtime/neuronize.go:671.19,676.4 4 0
github.com/rhino-acoustic/NeuronFS/runtime/neuronize.go:679.3,681.77 3 0
github.com/rhino-acoustic/NeuronFS/runtime/neuronize.go:681.77,682.59 1 0
github.com/rhino-acoustic/NeuronFS/runtime/neuronize.go:682.59,684.19 2 0
github.com/rhino-acoustic/NeuronFS/runtime/neuronize.go:684.19,686.6 1 0
github.com/rhino-acoustic/NeuronFS/runtime/neuronize.go:689.3,691.31 3 0
github.com/rhino-acoustic/NeuronFS/runtime/neuronize.go:691.31,692.37 1 0
github.com/rhino-acoustic/NeuronFS/runtime/neuronize.go:692.37,693.50 1 0
github.com/rhino-acoustic/NeuronFS/runtime/neuronize.go:693.50,695.11 2 0
github.com/rhino-acoustic/NeuronFS/runtime/neuronize.go:700.3,706.5 2 0
github.com/rhino-acoustic/NeuronFS/runtime/neuronize.go:710.59,711.54 1 0
github.com/rhino-acoustic/NeuronFS/runtime/neuronize.go:711.54,712.25 1 0
github.com/rhino-acoustic/NeuronFS/runtime/neuronize.go:712.25,715.4 2 0
github.com/rhino-acoustic/NeuronFS/runtime/neuronize.go:717.3,731.40 6 0
github.com/rhino-acoustic/NeuronFS/runtime/neuronize.go:731.40,732.61 1 0
github.com/rhino-acoustic/NeuronFS/runtime/neuronize.go:732.61,733.13 1 0
github.com/rhino-acoustic/NeuronFS/runtime/neuronize.go:735.4,735.37 1 0
github.com/rhino-acoustic/NeuronFS/runtime/neuronize.go:735.37,736.41 1 0
github.com/rhino-acoustic/NeuronFS/runtime/neuronize.go:736.41,737.14 1 0
github.com/rhino-acoustic/NeuronFS/runtime/neuronize.go:739.5,739.45 1 0
github.com/rhino-acoustic/NeuronFS/runtime/neuronize.go:739.45,747.6 1 0
github.com/rhino-acoustic/NeuronFS/runtime/neuronize.go:751.3,756.5 2 0
github.com/rhino-acoustic/NeuronFS/runtime/physical_hooks.go:35.45,41.2 4 1
github.com/rhino-acoustic/NeuronFS/runtime/physical_hooks.go:44.41,87.34 4 1
github.com/rhino-acoustic/NeuronFS/runtime/physical_hooks.go:87.34,89.3 1 0
github.com/rhino-acoustic/NeuronFS/runtime/physical_hooks.go:93.41,94.52 1 1
github.com/rhino-acoustic/NeuronFS/runtime/physical_hooks.go:94.52,97.3 2 1
github.com/rhino-acoustic/NeuronFS/runtime/physical_hooks.go:99.2,106.16 4 0
github.com/rhino-acoustic/NeuronFS/runtime/physical_hooks.go:106.16,109.3 2 0
github.com/rhino-acoustic/NeuronFS/runtime/physical_hooks.go:110.2,112.28 2 0
github.com/rhino-acoustic/NeuronFS/runtime/physical_hooks.go:112.28,114.3 1 0
github.com/rhino-acoustic/NeuronFS/runtime/physical_hooks.go:114.8,116.3 1 0
github.com/rhino-acoustic/NeuronFS/runtime/physical_hooks.go:127.41,128.27 1 1
github.com/rhino-acoustic/NeuronFS/runtime/physical_hooks.go:128.27,130.3 1 1
github.com/rhino-acoustic/NeuronFS/runtime/physical_hooks.go:132.2,148.34 3 0
github.com/rhino-acoustic/NeuronFS/runtime/physical_hooks.go:148.34,150.3 1 0
github.com/rhino-acoustic/NeuronFS/runtime/supervisor.go:40.37,41.37 1 0
github.com/rhino-acoustic/NeuronFS/runtime/supervisor.go:41.37,43.3 1 0
github.com/rhino-acoustic/NeuronFS/runtime/supervisor.go:44.2,45.19 2 0
github.com/rhino-acoustic/NeuronFS/runtime/supervisor.go:48.28,51.44 3 0
github.com/rhino-acoustic/NeuronFS/runtime/supervisor.go:51.44,53.3 1 0
github.com/rhino-acoustic/NeuronFS/runtime/supervisor.go:54.2,54.19 1 0
github.com/rhino-acoustic/NeuronFS/runtime/supervisor.go:59.24,63.21 4 0
github.com/rhino-acoustic/NeuronFS/runtime/supervisor.go:63.21,65.17 2 0
github.com/rhino-acoustic/NeuronFS/runtime/supervisor.go:65.17,68.4 2 0
github.com/rhino-acoustic/NeuronFS/runtime/supervisor.go:72.38,103.29 20 0
github.com/rhino-acoustic/NeuronFS/runtime/supervisor.go:103.29,105.17 2 0
github.com/rhino-acoustic/NeuronFS/runtime/supervisor.go:105.17,107.4 1 0
github.com/rhino-acoustic/NeuronFS/runtime/supervisor.go:108.3,109.17 2 0
github.com/rhino-acoustic/NeuronFS/runtime/supervisor.go:109.17,110.20 1 0
github.com/rhino-acoustic/NeuronFS/runtime/supervisor.go:110.20,112.5 1 0
github.com/rhino-acoustic/NeuronFS/runtime/supervisor.go:112.10,114.5 1 0
github.com/rhino-acoustic/NeuronFS/runtime/supervisor.go:116.3,116.56 1 0
github.com/rhino-acoustic/NeuronFS/runtime/supervisor.go:118.2,122.33 4 0
github.com/rhino-acoustic/NeuronFS/runtime/supervisor.go:122.33,123.21 1 0
github.com/rhino-acoustic/NeuronFS/runtime/supervisor.go:123.21,124.12 1 0
github.com/rhino-acoustic/NeuronFS/runtime/supervisor.go:126.3,127.25 2 0
github.com/rhino-acoustic/NeuronFS/runtime/supervisor.go:127.25,130.4 2 0
github.com/rhino-acoustic/NeuronFS/runtime/supervisor.go:133.2,133.46 1 0
github.com/rhino-acoustic/NeuronFS/runtime/supervisor.go:133.46,136.3 2 0
github.com/rhino-acoustic/NeuronFS/runtime/supervisor.go:138.2,154.6 13 0
github.com/rhino-acoustic/NeuronFS/runtime/supervisor.go:154.6,155.10 1 0
github.com/rhino-acoustic/NeuronFS/runtime/supervisor.go:156.16,159.31 3 0
github.com/rhino-acoustic/NeuronFS/runtime/supervisor.go:159.31,161.5 1 0
github.com/rhino-acoustic/NeuronFS/runtime/supervisor.go:162.4,164.10 3 0
github.com/rhino-acoustic/NeuronFS/runtime/supervisor.go:165.22,166.42 1 0
github.com/rhino-acoustic/NeuronFS/runtime/supervisor.go:167.21,168.22 1 0
github.com/rhino-acoustic/NeuronFS/runtime/supervisor.go:169.19,170.31 1 0
github.com/rhino-acoustic/NeuronFS/runtime/supervisor.go:170.31,171.20 1 0
github.com/rhino-acoustic/NeuronFS/runtime/supervisor.go:171.20,172.14 1 0
github.com/rhino-acoustic/NeuronFS/runtime/supervisor.go:174.5,178.29 5 0
github.com/rhino-acoustic/NeuronFS/runtime/supervisor.go:178.29,181.6 2 0
github.com/rhino-acoustic/NeuronFS/runtime/supervisor.go:183.20,184.28 1 0
github.com/rhino-acoustic/NeuronFS/runtime/supervisor.go:189.63,191.60 2 0
github.com/rhino-acoustic/NeuronFS/runtime/supervisor.go:191.60,193.3 1 0
github.com/rhino-acoustic/NeuronFS/runtime/supervisor.go:194.2,197.34 4 0
github.com/rhino-acoustic/NeuronFS/runtime/supervisor.go:197.34,199.20 2 0
github.com/rhino-acoustic/NeuronFS/runtime/supervisor.go:199.20,202.4 2 0
github.com/rhino-acoustic/NeuronFS/runtime/supervisor.go:203.3,203.41 1 0
github.com/rhino-acoustic/NeuronFS/runtime/supervisor.go:203.41,204.98 1 0
github.com/rhino-acoustic/NeuronFS/runtime/supervisor.go:204.98,206.5 1 0
github.com/rhino-acoustic/NeuronFS/runtime/supervisor.go:207.9,207.56 1 0
github.com/rhino-acoustic/NeuronFS/runtime/supervisor.go:207.56,208.118 1 0
github.com/rhino-acoustic/NeuronFS/runtime/supervisor.go:208.118,210.5 1 0
github.com/rhino-acoustic/NeuronFS/runtime/supervisor.go:212.3,212.30 1 0
github.com/rhino-acoustic/NeuronFS/runtime/supervisor.go:214.2,214.28 1 0
github.com/rhino-acoustic/NeuronFS/runtime/supervisor.go:217.70,219.26 2 0
github.com/rhino-acoustic/NeuronFS/runtime/supervisor.go:219.26,220.57 1 0
github.com/rhino-acoustic/NeuronFS/runtime/supervisor.go:220.57,222.9 2 0
github.com/rhino-acoustic/NeuronFS/runtime/supervisor.go:225.2,225.34 1 0
github.com/rhino-acoustic/NeuronFS/runtime/supervisor.go:228.35,231.41 1 0
github.com/rhino-acoustic/NeuronFS/runtime/supervisor.go:231.41,233.32 2 0
github.com/rhino-acoustic/NeuronFS/runtime/supervisor.go:233.32,234.12 1 0
github.com/rhino-acoustic/NeuronFS/runtime/supervisor.go:236.3,236.82 1 0
github.com/rhino-acoustic/NeuronFS/runtime/supervisor.go:236.82,237.34 1 0
github.com/rhino-acoustic/NeuronFS/runtime/supervisor.go:237.34,239.5 1 0
github.com/rhino-acoustic/NeuronFS/runtime/supervisor.go:240.4,240.43 1 0
github.com/rhino-acoustic/NeuronFS/runtime/supervisor.go:240.43,242.5 1 0
github.com/rhino-acoustic/NeuronFS/runtime/supervisor.go:243.4,244.18 2 0
github.com/rhino-acoustic/NeuronFS/runtime/supervisor.go:244.18,246.5 1 0
github.com/rhino-acoustic/NeuronFS/runtime/supervisor.go:247.4,250.40 3 0
github.com/rhino-acoustic/NeuronFS/runtime/supervisor.go:250.40,252.5 1 0
github.com/rhino-acoustic/NeuronFS/runtime/supervisor.go:254.4,254.42 1 0
github.com/rhino-acoustic/NeuronFS/runtime/supervisor.go:254.42,256.23 2 0
github.com/rhino-acoustic/NeuronFS/runtime/supervisor.go:256.23,263.6 6 0
github.com/rhino-acoustic/NeuronFS/runtime/supervisor.go:265.5,268.130 4 0
github.com/rhino-acoustic/NeuronFS/runtime/supervisor.go:270.4,270.14 1 0
github.com/rhino-acoustic/NeuronFS/runtime/supervisor.go:275.56,280.6 4 0
github.com/rhino-acoustic/NeuronFS/runtime/supervisor.go:280.6,281.10 1 0
github.com/rhino-acoustic/NeuronFS/runtime/supervisor.go:282.17,283.10 1 0
github.com/rhino-acoustic/NeuronFS/runtime/supervisor.go:284.11,284.11 0 0
github.com/rhino-acoustic/NeuronFS/runtime/supervisor.go:286.3,286.19 1 0
github.com/rhino-acoustic/NeuronFS/runtime/supervisor.go:286.19,288.12 2 0
github.com/rhino-acoustic/NeuronFS/runtime/supervisor.go:292.3,292.51 1 0
github.com/rhino-acoustic/NeuronFS/runtime/supervisor.go:292.51,296.11 3 0
github.com/rhino-acoustic/NeuronFS/runtime/supervisor.go:297.18,298.11 1 0
github.com/rhino-acoustic/NeuronFS/runtime/supervisor.go:299.40,301.108 2 0
github.com/rhino-acoustic/NeuronFS/runtime/supervisor.go:303.4,303.12 1 0
github.com/rhino-acoustic/NeuronFS/runtime/supervisor.go:306.3,310.17 5 0
github.com/rhino-acoustic/NeuronFS/runtime/supervisor.go:310.17,313.4 2 0
github.com/rhino-acoustic/NeuronFS/runtime/supervisor.go:315.3,320.37 5 0
github.com/rhino-acoustic/NeuronFS/runtime/supervisor.go:320.37,322.17 2 0
github.com/rhino-acoustic/NeuronFS/runtime/supervisor.go:322.17,324.5 1 0
github.com/rhino-acoustic/NeuronFS/runtime/supervisor.go:325.4,326.12 2 0
github.com/rhino-acoustic/NeuronFS/runtime/supervisor.go:328.3,335.16 6 0
github.com/rhino-acoustic/NeuronFS/runtime/supervisor.go:335.16,337.4 1 0
github.com/rhino-acoustic/NeuronFS/runtime/supervisor.go:339.3,343.10 4 0
github.com/rhino-acoustic/NeuronFS/runtime/supervisor.go:344.17,345.10 1 0
github.com/rhino-acoustic/NeuronFS/runtime/supervisor.go:346.11,346.11 0 0
github.com/rhino-acoustic/NeuronFS/runtime/supervisor.go:349.3,349.19 1 0
github.com/rhino-acoustic/NeuronFS/runtime/supervisor.go:349.19,351.12 2 0
github.com/rhino-acoustic/NeuronFS/runtime/supervisor.go:354.3,355.44 2 0
github.com/rhino-acoustic/NeuronFS/runtime/supervisor.go:355.44,357.4 1 0
github.com/rhino-acoustic/NeuronFS/runtime/supervisor.go:357.9,359.4 1 0
github.com/rhino-acoustic/NeuronFS/runtime/supervisor.go:360.3,363.16 3 0
github.com/rhino-acoustic/NeuronFS/runtime/supervisor.go:363.16,365.4 1 0
github.com/rhino-acoustic/NeuronFS/runtime/supervisor.go:366.3,367.19 2 0
github.com/rhino-acoustic/NeuronFS/runtime/supervisor.go:367.19,369.4 1 0
github.com/rhino-acoustic/NeuronFS/runtime/supervisor.go:371.3,373.10 2 0
github.com/rhino-acoustic/NeuronFS/runtime/supervisor.go:374.17,375.10 1 0
github.com/rhino-acoustic/NeuronFS/runtime/supervisor.go:376.28,376.28 0 0
github.com/rhino-acoustic/NeuronFS/runtime/supervisor.go:381.59,382.6 1 0
github.com/rhino-acoustic/NeuronFS/runtime/supervisor.go:382.6,383.10 1 0
github.com/rhino-acoustic/NeuronFS/runtime/supervisor.go:384.17,385.10 1 0
github.com/rhino-acoustic/NeuronFS/runtime/supervisor.go:386.11,386.11 0 0
github.com/rhino-acoustic/NeuronFS/runtime/supervisor.go:388.3,390.10 3 0
github.com/rhino-acoustic/NeuronFS/runtime/supervisor.go:391.17,392.10 1 0
github.com/rhino-acoustic/NeuronFS/runtime/supervisor.go:393.38,393.38 0 0
github.com/rhino-acoustic/NeuronFS/runtime/supervisor.go:398.42,399.27 1 0
github.com/rhino-acoustic/NeuronFS/runtime/supervisor.go:399.27,401.3 1 0
github.com/rhino-acoustic/NeuronFS/runtime/supervisor.go:402.2,406.16 5 0
github.com/rhino-acoustic/NeuronFS/runtime/supervisor.go:406.16,409.3 2 0
github.com/rhino-acoustic/NeuronFS/runtime/supervisor.go:410.2,411.71 2 0
github.com/rhino-acoustic/NeuronFS/runtime/supervisor.go:411.71,413.3 1 0
github.com/rhino-acoustic/NeuronFS/runtime/supervisor.go:413.8,419.3 5 0
github.com/rhino-acoustic/NeuronFS/runtime/supervisor.go:422.38,424.29 2 0
github.com/rhino-acoustic/NeuronFS/runtime/supervisor.go:424.29,427.16 3 0
github.com/rhino-acoustic/NeuronFS/runtime/supervisor.go:427.16,429.4 1 0
github.com/rhino-acoustic/NeuronFS/runtime/supervisor.go:430.3,430.19 1 0
github.com/rhino-acoustic/NeuronFS/runtime/supervisor.go:430.19,432.4 1 0
github.com/rhino-acoustic/NeuronFS/runtime/supervisor.go:433.3,433.17 1 0
github.com/rhino-acoustic/NeuronFS/runtime/supervisor.go:433.17,435.4 1 0
github.com/rhino-acoustic/NeuronFS/runtime/supervisor.go:436.3,437.16 2 0
github.com/rhino-acoustic/NeuronFS/runtime/supervisor.go:439.2,442.29 2 0
github.com/rhino-acoustic/NeuronFS/runtime/supervisor.go:442.29,443.17 1 0
github.com/rhino-acoustic/NeuronFS/runtime/supervisor.go:443.17,444.12 1 0
github.com/rhino-acoustic/NeuronFS/runtime/supervisor.go:446.3,449.45 4 0
github.com/rhino-acoustic/NeuronFS/runtime/supervisor.go:449.45,451.4 1 0
github.com/rhino-acoustic/NeuronFS/runtime/supervisor.go:452.3,454.25 2 0
github.com/rhino-acoustic/NeuronFS/runtime/supervisor.go:454.25,457.18 2 0
github.com/rhino-acoustic/NeuronFS/runtime/supervisor.go:457.18,459.24 2 0
github.com/rhino-acoustic/NeuronFS/runtime/supervisor.go:459.24,466.25 7 0
github.com/rhino-acoustic/NeuronFS/runtime/supervisor.go:466.25,472.11 4 0
github.com/rhino-acoustic/NeuronFS/runtime/supervisor.go:472.11,475.14 3 0
github.com/rhino-acoustic/NeuronFS/runtime/supervisor.go:475.14,477.14 2 0
github.com/rhino-acoustic/NeuronFS/runtime/supervisor.go:482.7,482.41 1 0
github.com/rhino-acoustic/NeuronFS/runtime/supervisor.go:482.41,483.46 1 0
github.com/rhino-acoustic/NeuronFS/runtime/supervisor.go:483.46,484.62 1 0
github.com/rhino-acoustic/NeuronFS/runtime/supervisor.go:484.62,486.10 1 0
github.com/rhino-acoustic/NeuronFS/runtime/supervisor.go:490.7,491.32 2 0
github.com/rhino-acoustic/NeuronFS/runtime/supervisor.go:491.32,493.8 1 0
github.com/rhino-acoustic/NeuronFS/runtime/supervisor.go:494.7,499.27 5 0
github.com/rhino-acoustic/NeuronFS/runtime/supervisor.go:499.27,499.51 1 0
github.com/rhino-acoustic/NeuronFS/runtime/supervisor.go:500.7,500.34 1 0
github.com/rhino-acoustic/NeuronFS/runtime/supervisor.go:500.34,503.29 3 0
github.com/rhino-acoustic/NeuronFS/runtime/supervisor.go:503.29,505.22 2 0
github.com/rhino-acoustic/NeuronFS/runtime/supervisor.go:505.22,505.44 1 0
github.com/rhino-acoustic/NeuronFS/runtime/supervisor.go:507.8,507.120 1 0
github.com/rhino-acoustic/NeuronFS/runtime/supervisor.go:510.7,510.75 1 0
github.com/rhino-acoustic/NeuronFS/runtime/supervisor.go:510.75,512.8 1 0
github.com/rhino-acoustic/NeuronFS/runtime/supervisor.go:512.13,514.8 1 0
github.com/rhino-acoustic/NeuronFS/runtime/supervisor.go:516.7,516.15 1 0
github.com/rhino-acoustic/NeuronFS/runtime/supervisor.go:522.4,522.32 1 0
github.com/rhino-acoustic/NeuronFS/runtime/supervisor.go:522.32,525.19 3 0
github.com/rhino-acoustic/NeuronFS/runtime/supervisor.go:525.19,528.6 2 0
github.com/rhino-acoustic/NeuronFS/runtime/supervisor.go:528.11,528.27 1 0
github.com/rhino-acoustic/NeuronFS/runtime/supervisor.go:528.27,530.6 1 0
github.com/rhino-acoustic/NeuronFS/runtime/supervisor.go:536.33,539.21 2 0
github.com/rhino-acoustic/NeuronFS/runtime/supervisor.go:539.21,547.32 3 0
github.com/rhino-acoustic/NeuronFS/runtime/supervisor.go:547.32,548.23 1 0
github.com/rhino-acoustic/NeuronFS/runtime/supervisor.go:548.23,550.10 2 0
github.com/rhino-acoustic/NeuronFS/runtime/supervisor.go:554.2,554.21 1 0
github.com/rhino-acoustic/NeuronFS/runtime/supervisor.go:554.21,556.3 1 0
github.com/rhino-acoustic/NeuronFS/runtime/supervisor.go:558.2,568.59 6 0
github.com/rhino-acoustic/NeuronFS/runtime/supervisor.go:571.34,574.2 2 0
